#
# A fatal error has been detected by the Java Runtime Environment:
#
#  EXCEPTION_ACCESS_VIOLATION (0xc0000005) at pc=0x00007ff9a534e0a9, pid=7960, tid=7976
#
# JRE version: OpenJDK Runtime Environment Microsoft-8035246 (17.0.8+7) (build 17.0.8+7-LTS)
# Java VM: OpenJDK 64-Bit Server VM Microsoft-8035246 (17.0.8+7-LTS, mixed mode, sharing, tiered, compressed oops, compressed class ptrs, g1 gc, windows-amd64)
# Problematic frame:
# V  [jvm.dll+0x2be0a9]
#
# No core dump will be written. Minidumps are not enabled by default on client versions of Windows
#
# If you would like to submit a bug report, please visit:
#   https://github.com/microsoft/openjdk/issues
#

---------------  S U M M A R Y ------------

Command Line: -XX:MaxMetaspaceSize=512m --add-opens=java.base/java.util=ALL-UNNAMED --add-opens=java.base/java.lang=ALL-UNNAMED --add-opens=java.base/java.lang.invoke=ALL-UNNAMED --add-opens=java.prefs/java.util.prefs=ALL-UNNAMED --add-opens=java.base/java.nio.charset=ALL-UNNAMED --add-opens=java.base/java.net=ALL-UNNAMED --add-opens=java.base/java.util.concurrent.atomic=ALL-UNNAMED -Xmx2048m -Dfile.encoding=windows-1252 -Duser.country=US -Duser.language=en -Duser.variant -javaagent:C:\Users\Administrator\.gradle\wrapper\dists\gradle-8.3-all\6en3ugtfdg5xnpx44z4qbwgas\gradle-8.3\lib\agents\gradle-instrumentation-agent-8.3.jar org.gradle.launcher.daemon.bootstrap.GradleDaemon 8.3

Host: Intel(R) Core(TM) i5-2400 CPU @ 3.10GHz, 4 cores, 7G,  Windows 11 , 64 bit Build 22621 (10.0.22621.2506)
Time: Tue Jan 16 10:21:57 2024 Romance Standard Time elapsed time: 102.404280 seconds (0d 0h 1m 42s)

---------------  T H R E A D  ---------------

Current thread (0x00000205a458a000):  JavaThread "C2 CompilerThread0" daemon [_thread_in_native, id=7976, stack(0x0000009440700000,0x0000009440800000)]


Current CompileTask:
C2: 102404 15069   !   4       org.gradle.cache.internal.DefaultMultiProcessSafeIndexedCache::getIfPresent (25 bytes)

Stack: [0x0000009440700000,0x0000009440800000],  sp=0x00000094407fb6b0,  free space=1005k
Native frames: (J=compiled Java code, j=interpreted, Vv=VM code, C=native code)
V  [jvm.dll+0x2be0a9]
V  [jvm.dll+0x21ba8b]
V  [jvm.dll+0x21944b]
V  [jvm.dll+0x1a56b6]
V  [jvm.dll+0x2291ea]
V  [jvm.dll+0x22724c]
V  [jvm.dll+0x7efd0c]
V  [jvm.dll+0x7ea13a]
V  [jvm.dll+0x67ad85]
C  [ucrtbase.dll+0x29363]
C  [KERNEL32.DLL+0x1257d]
C  [ntdll.dll+0x5aa58]


siginfo: EXCEPTION_ACCESS_VIOLATION (0xc0000005), reading address 0x0000000000000028


Register to memory mapping:

RIP=0x00007ff9a534e0a9 jvm.dll
RAX=0x00000205cffbc7b0 points into unknown readable memory: 0x0000000000000000 | 00 00 00 00 00 00 00 00
RBX=0x0000000000001422 is an unknown value
RCX=0x00000205cffcc7b0 points into unknown readable memory: 0x0000000000000000 | 00 00 00 00 00 00 00 00
RDX=0x0 is NULL
RSP=0x00000094407fb6b0 is pointing into the stack for thread: 0x00000205a458a000
RBP=0x00000094407fb720 is pointing into the stack for thread: 0x00000205a458a000
RSI=0x0 is NULL
RDI=0x0000000000000033 is an unknown value
R8 =0x0 is NULL
R9 =0x0 is NULL
R10=0x00007ff9da2e0000 VCRUNTIME140.dll
R11=0x00000205cffbc7d0 points into unknown readable memory: 0x0000000000000000 | 00 00 00 00 00 00 00 00
R12=0x0000000000000050 is an unknown value
R13=0x0 is NULL
R14=0x0 is NULL
R15=0x00000094407fe8d0 is pointing into the stack for thread: 0x00000205a458a000


Registers:
RAX=0x00000205cffbc7b0, RBX=0x0000000000001422, RCX=0x00000205cffcc7b0, RDX=0x0000000000000000
RSP=0x00000094407fb6b0, RBP=0x00000094407fb720, RSI=0x0000000000000000, RDI=0x0000000000000033
R8 =0x0000000000000000, R9 =0x0000000000000000, R10=0x00007ff9da2e0000, R11=0x00000205cffbc7d0
R12=0x0000000000000050, R13=0x0000000000000000, R14=0x0000000000000000, R15=0x00000094407fe8d0
RIP=0x00007ff9a534e0a9, EFLAGS=0x0000000000010246

Top of Stack: (sp=0x00000094407fb6b0)
0x00000094407fb6b0:   0000000000001422 0000000000000000
0x00000094407fb6c0:   00000094407fe8d0 00007ff9a52b38d1
0x00000094407fb6d0:   00000205a45856a0 00007ff900002000
0x00000094407fb6e0:   00000205cffbc7b0 0000000000000000
0x00000094407fb6f0:   0000000000000002 00000205c99962e0
0x00000094407fb700:   0000000000000002 00000205a45856a0
0x00000094407fb710:   0000000000000000 0000000000000000
0x00000094407fb720:   00000205a4556ff0 00000205869db320
0x00000094407fb730:   0000000000000033 00007ff9a59d4c08
0x00000094407fb740:   00000094407fb850 00007ff9a52aba8b
0x00000094407fb750:   00000094407fe8d0 00007ff9a59d4c08
0x00000094407fb760:   00000094407fe8d0 00000094407fb850
0x00000094407fb770:   0000020500000000 00007ff9a56ab7fb
0x00000094407fb780:   000000940000000f 00000094407fe8d0
0x00000094407fb790:   00000094407fb900 0000000000000000
0x00000094407fb7a0:   0000020500000100 00007ff9a59d4c08 

Instructions: (pc=0x00007ff9a534e0a9)
0x00007ff9a534dfa9:   3b d0 75 0b ff c1 41 3b c9 7c dc 48 8b c2 c3 33
0x00007ff9a534dfb9:   c0 c3 cc cc cc cc cc 48 89 5c 24 18 55 56 57 41
0x00007ff9a534dfc9:   55 41 57 48 8b ec 48 83 ec 70 65 48 8b 04 25 58
0x00007ff9a534dfd9:   00 00 00 48 8b f2 44 8b 05 d2 8b 90 00 4c 8b f9
0x00007ff9a534dfe9:   4a 8b 1c c0 b8 50 00 00 00 80 3c 18 00 75 05 e8
0x00007ff9a534dff9:   8b 6f 5d 00 b8 20 00 00 00 48 8b 04 18 48 8b 98
0x00007ff9a534e009:   38 02 00 00 48 89 5d b0 c7 45 b8 04 00 00 00 48
0x00007ff9a534e019:   8b 43 18 48 83 f8 df 76 18 4c 8d 05 37 a9 65 00
0x00007ff9a534e029:   ba 20 00 00 00 48 8b cb e8 5a eb de ff 48 8b 43
0x00007ff9a534e039:   18 48 8d 48 20 48 3b 4b 20 76 11 45 33 c0 48 8b
0x00007ff9a534e049:   cb 41 8d 50 20 e8 fd e8 de ff eb 04 48 89 4b 18
0x00007ff9a534e059:   44 8b 45 b8 33 d2 49 c1 e0 03 48 8b c8 48 89 45
0x00007ff9a534e069:   c0 e8 e3 80 5d 00 45 33 ed 48 8d 4d d0 44 89 6d
0x00007ff9a534e079:   c8 e8 01 59 56 00 41 8b 9f 40 02 00 00 41 2b 9f
0x00007ff9a534e089:   68 02 00 00 44 89 6d f0 3b 5d b8 72 0b 8b d3 48
0x00007ff9a534e099:   8d 4d b0 e8 6f b3 39 00 48 8b 45 c0 4c 89 2c d8
0x00007ff9a534e0a9:   8b 7e 28 8b df c1 eb 05 3b 5d d0 72 0b 8b d3 48
0x00007ff9a534e0b9:   8d 4d d0 e8 1f 59 56 00 48 8b 45 d8 83 e7 1f 48
0x00007ff9a534e0c9:   8d 14 98 40 0f b6 cf 41 b8 01 00 00 00 41 d3 e0
0x00007ff9a534e0d9:   8b 0a 8b c1 41 0b c0 89 02 41 85 c8 75 21 8b 5d
0x00007ff9a534e0e9:   c8 8d 43 01 89 45 c8 3b 5d b8 72 0b 8b d3 48 8d
0x00007ff9a534e0f9:   4d b0 e8 10 b3 39 00 48 8b 45 c0 48 89 34 d8 44
0x00007ff9a534e109:   39 6d c8 0f 86 77 01 00 00 4c 89 a4 24 a0 00 00
0x00007ff9a534e119:   00 4c 89 b4 24 a8 00 00 00 48 8b 45 c0 41 8b cd
0x00007ff9a534e129:   48 8b 34 c8 8b 46 2c 25 ff 1f 00 00 3d 04 10 00
0x00007ff9a534e139:   00 0f 85 a7 00 00 00 bb 01 00 00 00 39 5e 18 76
0x00007ff9a534e149:   39 66 0f 1f 44 00 00 48 8b 46 08 8b cb 48 8b 14
0x00007ff9a534e159:   c8 48 85 d2 74 1d 48 83 7a 10 00 74 16 80 7a 2c
0x00007ff9a534e169:   84 74 10 e8 7f 7e ee ff 48 8b d0 49 8b cf e8 a4
0x00007ff9a534e179:   61 f6 ff ff c3 3b 5e 18 72 cd 48 8b 5e 10 8b 46
0x00007ff9a534e189:   20 4c 8d 34 c3 49 3b de 73 54 48 8b 3b 8b 47 2c
0x00007ff9a534e199:   83 e0 03 3c 03 75 2e 48 8b 07 48 8b cf ff 90 88 


Stack slot to memory mapping:
stack at sp + 0 slots: 0x0000000000001422 is an unknown value
stack at sp + 1 slots: 0x0 is NULL
stack at sp + 2 slots: 0x00000094407fe8d0 is pointing into the stack for thread: 0x00000205a458a000
stack at sp + 3 slots: 0x00007ff9a52b38d1 jvm.dll
stack at sp + 4 slots: 0x00000205a45856a0 points into unknown readable memory: 0x0000020500000006 | 06 00 00 00 05 02 00 00
stack at sp + 5 slots: 0x00007ff900002000 is an unknown value
stack at sp + 6 slots: 0x00000205cffbc7b0 points into unknown readable memory: 0x0000000000000000 | 00 00 00 00 00 00 00 00
stack at sp + 7 slots: 0x0 is NULL


---------------  P R O C E S S  ---------------

Threads class SMR info:
_java_thread_list=0x00000205c8a81470, length=93, elements={
0x00000205869c4a10, 0x00000205a4567450, 0x00000205a4568ae0, 0x00000205a457f4d0,
0x00000205a457fea0, 0x00000205a4582f80, 0x00000205a4585950, 0x00000205a458a000,
0x00000205a4592ac0, 0x00000205a45a80e0, 0x00000205a478a380, 0x00000205a488e1f0,
0x00000205c600c920, 0x00000205c56f03a0, 0x00000205c5c0e0b0, 0x00000205c55658d0,
0x00000205c56e3970, 0x00000205c56e3e80, 0x00000205c56e5ce0, 0x00000205c56e4db0,
0x00000205c56e4390, 0x00000205c56e52c0, 0x00000205c56e57d0, 0x00000205c56e6700,
0x00000205c56e2f50, 0x00000205c56e3460, 0x00000205c64e7df0, 0x00000205c64eb090,
0x00000205c64e8810, 0x00000205c64e9740, 0x00000205c64e5570, 0x00000205c64e5f90,
0x00000205c64e8d20, 0x00000205c64e78e0, 0x00000205c64e64a0, 0x00000205c64ebab0,
0x00000205c64e9230, 0x00000205c64ebfc0, 0x00000205c64e69b0, 0x00000205c64e9c50,
0x00000205c64ea670, 0x00000205c64e6ec0, 0x00000205c64eab80, 0x00000205c64eb5a0,
0x00000205c64e5060, 0x00000205c64ec9e0, 0x00000205c701dfe0, 0x00000205c7020d70,
0x00000205c7020350, 0x00000205c701ef10, 0x00000205c701ea00, 0x00000205c701e4f0,
0x00000205c7020860, 0x00000205c7021280, 0x00000205c7021790, 0x00000205c7021ca0,
0x00000205c701dad0, 0x00000205c701fe40, 0x00000205c70221b0, 0x00000205c70226c0,
0x00000205c70230e0, 0x00000205c701f930, 0x00000205c7023b00, 0x00000205c7022bd0,
0x00000205c70235f0, 0x00000205c83b9b40, 0x00000205c83b9120, 0x00000205c83ba560,
0x00000205c83bb490, 0x00000205c83baf80, 0x00000205c83bb9a0, 0x00000205c83b9630,
0x00000205c97e44d0, 0x00000205c97e49e0, 0x00000205c97e5e20, 0x00000205c97e6d50,
0x00000205c97e5400, 0x00000205c97e7770, 0x00000205c97e3ab0, 0x00000205c97e7c80,
0x00000205c97e35a0, 0x00000205c97e9ae0, 0x00000205c97e8190, 0x00000205c97e86a0,
0x00000205c97e90c0, 0x00000205c97e95d0, 0x00000205c97e2670, 0x00000205c97e2b80,
0x00000205c97e3fc0, 0x00000205c56e61f0, 0x00000205c7e7e9c0, 0x00000205c7e7c650,
0x00000205c7e7cb60
}

Java Threads: ( => current thread )
  0x00000205869c4a10 JavaThread "main" [_thread_blocked, id=11952, stack(0x000000943fa00000,0x000000943fb00000)]
  0x00000205a4567450 JavaThread "Reference Handler" daemon [_thread_blocked, id=11072, stack(0x0000009440100000,0x0000009440200000)]
  0x00000205a4568ae0 JavaThread "Finalizer" daemon [_thread_blocked, id=10008, stack(0x0000009440200000,0x0000009440300000)]
  0x00000205a457f4d0 JavaThread "Signal Dispatcher" daemon [_thread_blocked, id=9780, stack(0x0000009440300000,0x0000009440400000)]
  0x00000205a457fea0 JavaThread "Attach Listener" daemon [_thread_blocked, id=4644, stack(0x0000009440400000,0x0000009440500000)]
  0x00000205a4582f80 JavaThread "Service Thread" daemon [_thread_blocked, id=10252, stack(0x0000009440500000,0x0000009440600000)]
  0x00000205a4585950 JavaThread "Monitor Deflation Thread" daemon [_thread_blocked, id=2640, stack(0x0000009440600000,0x0000009440700000)]
=>0x00000205a458a000 JavaThread "C2 CompilerThread0" daemon [_thread_in_native, id=7976, stack(0x0000009440700000,0x0000009440800000)]
  0x00000205a4592ac0 JavaThread "C1 CompilerThread0" daemon [_thread_blocked, id=9752, stack(0x0000009440800000,0x0000009440900000)]
  0x00000205a45a80e0 JavaThread "Sweeper thread" daemon [_thread_blocked, id=11648, stack(0x0000009440900000,0x0000009440a00000)]
  0x00000205a478a380 JavaThread "Common-Cleaner" daemon [_thread_blocked, id=6132, stack(0x0000009440a00000,0x0000009440b00000)]
  0x00000205a488e1f0 JavaThread "Notification Thread" daemon [_thread_blocked, id=1112, stack(0x0000009440b00000,0x0000009440c00000)]
  0x00000205c600c920 JavaThread "Daemon health stats" [_thread_blocked, id=6028, stack(0x0000009440d00000,0x0000009440e00000)]
  0x00000205c56f03a0 JavaThread "Incoming local TCP Connector on port 53098" [_thread_in_native, id=5656, stack(0x0000009441100000,0x0000009441200000)]
  0x00000205c5c0e0b0 JavaThread "Daemon periodic checks" [_thread_blocked, id=11668, stack(0x0000009441200000,0x0000009441300000)]
  0x00000205c55658d0 JavaThread "Daemon" [_thread_blocked, id=10040, stack(0x0000009441300000,0x0000009441400000)]
  0x00000205c56e3970 JavaThread "Handler for socket connection from /127.0.0.1:53098 to /127.0.0.1:53099" [_thread_in_native, id=8724, stack(0x0000009441400000,0x0000009441500000)]
  0x00000205c56e3e80 JavaThread "Cancel handler" [_thread_blocked, id=7268, stack(0x0000009441500000,0x0000009441600000)]
  0x00000205c56e5ce0 JavaThread "Daemon worker" [_thread_blocked, id=6944, stack(0x0000009441600000,0x0000009441700000)]
  0x00000205c56e4db0 JavaThread "Asynchronous log dispatcher for DefaultDaemonConnection: socket connection from /127.0.0.1:53098 to /127.0.0.1:53099" [_thread_blocked, id=11744, stack(0x0000009441700000,0x0000009441800000)]
  0x00000205c56e4390 JavaThread "Daemon client event forwarder" [_thread_blocked, id=980, stack(0x0000009441900000,0x0000009441a00000)]
  0x00000205c56e52c0 JavaThread "Cache worker for journal cache (C:\Users\Administrator\.gradle\caches\journal-1)" [_thread_blocked, id=8076, stack(0x0000009441a00000,0x0000009441b00000)]
  0x00000205c56e57d0 JavaThread "File lock request listener" [_thread_in_native, id=3652, stack(0x0000009441b00000,0x0000009441c00000)]
  0x00000205c56e6700 JavaThread "Cache worker for file hash cache (C:\Users\Administrator\.gradle\caches\8.3\fileHashes)" [_thread_blocked, id=6452, stack(0x0000009441c00000,0x0000009441d00000)]
  0x00000205c56e2f50 JavaThread "File watcher server" daemon [_thread_in_native, id=9568, stack(0x0000009441d00000,0x0000009441e00000)]
  0x00000205c56e3460 JavaThread "File watcher consumer" daemon [_thread_blocked, id=7832, stack(0x0000009441e00000,0x0000009441f00000)]
  0x00000205c64e7df0 JavaThread "Cache worker for checksums cache (C:\Users\Administrator\Desktop\rn\firebasetest1\android\.gradle\8.3\checksums)" [_thread_blocked, id=3400, stack(0x0000009441f00000,0x0000009442000000)]
  0x00000205c64eb090 JavaThread "Cache worker for file hash cache (C:\Users\Administrator\Desktop\rn\firebasetest1\android\.gradle\8.3\fileHashes)" [_thread_blocked, id=7008, stack(0x0000009442000000,0x0000009442100000)]
  0x00000205c64e8810 JavaThread "Cache worker for cache directory md-supplier (C:\Users\Administrator\.gradle\caches\8.3\md-supplier)" [_thread_blocked, id=5140, stack(0x0000009442100000,0x0000009442200000)]
  0x00000205c64e9740 JavaThread "Cache worker for file content cache (C:\Users\Administrator\.gradle\caches\8.3\fileContent)" [_thread_blocked, id=5576, stack(0x0000009442200000,0x0000009442300000)]
  0x00000205c64e5570 JavaThread "Cache worker for cache directory md-rule (C:\Users\Administrator\.gradle\caches\8.3\md-rule)" [_thread_blocked, id=7476, stack(0x0000009442400000,0x0000009442500000)]
  0x00000205c64e5f90 JavaThread "Cache worker for execution history cache (C:\Users\Administrator\.gradle\caches\8.3\executionHistory)" [_thread_blocked, id=1044, stack(0x0000009442500000,0x0000009442600000)]
  0x00000205c64e8d20 JavaThread "jar transforms" [_thread_blocked, id=11716, stack(0x0000009442600000,0x0000009442700000)]
  0x00000205c64e78e0 JavaThread "jar transforms Thread 2" [_thread_blocked, id=11076, stack(0x0000009442700000,0x0000009442800000)]
  0x00000205c64e64a0 JavaThread "jar transforms Thread 3" [_thread_blocked, id=5020, stack(0x0000009442900000,0x0000009442a00000)]
  0x00000205c64ebab0 JavaThread "jar transforms Thread 4" [_thread_blocked, id=9336, stack(0x0000009442800000,0x0000009442900000)]
  0x00000205c64e9230 JavaThread "Cache worker for kotlin-dsl (C:\Users\Administrator\.gradle\caches\8.3\kotlin-dsl)" [_thread_blocked, id=9452, stack(0x0000009442b00000,0x0000009442c00000)]
  0x00000205c64ebfc0 JavaThread "Unconstrained build operations" [_thread_blocked, id=2636, stack(0x0000009442a00000,0x0000009442b00000)]
  0x00000205c64e69b0 JavaThread "Unconstrained build operations Thread 2" [_thread_blocked, id=10852, stack(0x0000009442c00000,0x0000009442d00000)]
  0x00000205c64e9c50 JavaThread "Cache worker for dependencies-accessors (C:\Users\Administrator\Desktop\rn\firebasetest1\android\.gradle\8.3\dependencies-accessors)" [_thread_blocked, id=9528, stack(0x0000009442d00000,0x0000009442e00000)]
  0x00000205c64ea670 JavaThread "Cache worker for Build Output Cleanup Cache (C:\Users\Administrator\Desktop\rn\firebasetest1\node_modules\@react-native\gradle-plugin\.gradle\buildOutputCleanup)" [_thread_blocked, id=5364, stack(0x0000009442f00000,0x0000009443000000)]
  0x00000205c64e6ec0 JavaThread "Unconstrained build operations Thread 3" [_thread_blocked, id=10988, stack(0x0000009442e00000,0x0000009442f00000)]
  0x00000205c64eab80 JavaThread "Unconstrained build operations Thread 4" [_thread_blocked, id=1344, stack(0x0000009443000000,0x0000009443100000)]
  0x00000205c64eb5a0 JavaThread "Unconstrained build operations Thread 5" [_thread_blocked, id=11924, stack(0x0000009443100000,0x0000009443200000)]
  0x00000205c64e5060 JavaThread "Memory manager" [_thread_blocked, id=8124, stack(0x0000009443300000,0x0000009443400000)]
  0x00000205c64ec9e0 JavaThread "Cache worker for Build Output Cleanup Cache (C:\Users\Administrator\Desktop\rn\firebasetest1\android\.gradle\buildOutputCleanup)" [_thread_blocked, id=2332, stack(0x0000009443500000,0x0000009443600000)]
  0x00000205c701dfe0 JavaThread "ForkJoinPool.commonPool-worker-1" daemon [_thread_blocked, id=9392, stack(0x0000009443700000,0x0000009443800000)]
  0x00000205c7020d70 JavaThread "ForkJoinPool.commonPool-worker-2" daemon [_thread_blocked, id=5688, stack(0x0000009443800000,0x0000009443900000)]
  0x00000205c7020350 JavaThread "ForkJoinPool.commonPool-worker-3" daemon [_thread_blocked, id=5752, stack(0x0000009443900000,0x0000009443a00000)]
  0x00000205c701ef10 JavaThread "Exec process" daemon [_thread_blocked, id=8868, stack(0x0000009443a00000,0x0000009443b00000)]
  0x00000205c701ea00 JavaThread "Exec process Thread 2" daemon [_thread_blocked, id=10472, stack(0x0000009443b00000,0x0000009443c00000)]
  0x00000205c701e4f0 JavaThread "Exec process Thread 3" daemon [_thread_blocked, id=4464, stack(0x0000009443c00000,0x0000009443d00000)]
  0x00000205c7020860 JavaThread "included builds" [_thread_blocked, id=8276, stack(0x0000009443d00000,0x0000009443e00000)]
  0x00000205c7021280 JavaThread "Execution worker" [_thread_blocked, id=8656, stack(0x0000009443e00000,0x0000009443f00000)]
  0x00000205c7021790 JavaThread "Execution worker Thread 2" [_thread_blocked, id=6752, stack(0x0000009443f00000,0x0000009444000000)]
  0x00000205c7021ca0 JavaThread "Execution worker Thread 3" [_thread_blocked, id=11116, stack(0x0000009444000000,0x0000009444100000)]
  0x00000205c701dad0 JavaThread "Cache worker for execution history cache (C:\Users\Administrator\Desktop\rn\firebasetest1\node_modules\@react-native\gradle-plugin\.gradle\8.3\executionHistory)" [_thread_blocked, id=1764, stack(0x0000009444100000,0x0000009444200000)]
  0x00000205c701fe40 JavaThread "Unconstrained build operations Thread 6" [_thread_blocked, id=7276, stack(0x0000009444200000,0x0000009444300000)]
  0x00000205c70221b0 JavaThread "Unconstrained build operations Thread 7" [_thread_blocked, id=3520, stack(0x0000009444300000,0x0000009444400000)]
  0x00000205c70226c0 JavaThread "Unconstrained build operations Thread 8" [_thread_blocked, id=8740, stack(0x0000009444400000,0x0000009444500000)]
  0x00000205c70230e0 JavaThread "Unconstrained build operations Thread 9" [_thread_blocked, id=2004, stack(0x0000009443600000,0x0000009443700000)]
  0x00000205c701f930 JavaThread "Unconstrained build operations Thread 10" [_thread_blocked, id=1768, stack(0x0000009444500000,0x0000009444600000)]
  0x00000205c7023b00 JavaThread "Unconstrained build operations Thread 11" [_thread_blocked, id=11376, stack(0x0000009444600000,0x0000009444700000)]
  0x00000205c7022bd0 JavaThread "Unconstrained build operations Thread 12" [_thread_blocked, id=2328, stack(0x0000009444700000,0x0000009444800000)]
  0x00000205c70235f0 JavaThread "Unconstrained build operations Thread 13" [_thread_blocked, id=10136, stack(0x0000009444800000,0x0000009444900000)]
  0x00000205c83b9b40 JavaThread "Unconstrained build operations Thread 14" [_thread_blocked, id=6580, stack(0x000000943f800000,0x000000943f900000)]
  0x00000205c83b9120 JavaThread "Unconstrained build operations Thread 15" [_thread_blocked, id=9264, stack(0x000000943f900000,0x000000943fa00000)]
  0x00000205c83ba560 JavaThread "Unconstrained build operations Thread 16" [_thread_blocked, id=12236, stack(0x0000009441800000,0x0000009441900000)]
  0x00000205c83bb490 JavaThread "Unconstrained build operations Thread 17" [_thread_blocked, id=12224, stack(0x0000009444900000,0x0000009444a00000)]
  0x00000205c83baf80 JavaThread "Unconstrained build operations Thread 18" [_thread_blocked, id=5044, stack(0x000000943f700000,0x000000943f800000)]
  0x00000205c83bb9a0 JavaThread "Unconstrained build operations Thread 19" [_thread_blocked, id=8552, stack(0x0000009444a00000,0x0000009444b00000)]
  0x00000205c83b9630 JavaThread "Unconstrained build operations Thread 20" [_thread_blocked, id=11332, stack(0x0000009444b00000,0x0000009444c00000)]
  0x00000205c97e44d0 JavaThread "Unconstrained build operations Thread 21" [_thread_in_native, id=10568, stack(0x0000009444d00000,0x0000009444e00000)]
  0x00000205c97e49e0 JavaThread "Unconstrained build operations Thread 22" [_thread_blocked, id=9872, stack(0x0000009444e00000,0x0000009444f00000)]
  0x00000205c97e5e20 JavaThread "Unconstrained build operations Thread 23" [_thread_blocked, id=10908, stack(0x0000009444f00000,0x0000009445000000)]
  0x00000205c97e6d50 JavaThread "Unconstrained build operations Thread 24" [_thread_blocked, id=4760, stack(0x0000009444c00000,0x0000009444d00000)]
  0x00000205c97e5400 JavaThread "Unconstrained build operations Thread 25" [_thread_blocked, id=11396, stack(0x0000009445000000,0x0000009445100000)]
  0x00000205c97e7770 JavaThread "Unconstrained build operations Thread 26" [_thread_blocked, id=6880, stack(0x0000009445100000,0x0000009445200000)]
  0x00000205c97e3ab0 JavaThread "Unconstrained build operations Thread 27" [_thread_blocked, id=9204, stack(0x0000009445300000,0x0000009445400000)]
  0x00000205c97e7c80 JavaThread "Unconstrained build operations Thread 28" [_thread_blocked, id=11592, stack(0x0000009445400000,0x0000009445500000)]
  0x00000205c97e35a0 JavaThread "Unconstrained build operations Thread 29" [_thread_blocked, id=11876, stack(0x0000009445500000,0x0000009445600000)]
  0x00000205c97e9ae0 JavaThread "Unconstrained build operations Thread 30" [_thread_blocked, id=2868, stack(0x0000009445600000,0x0000009445700000)]
  0x00000205c97e8190 JavaThread "Unconstrained build operations Thread 31" [_thread_blocked, id=6712, stack(0x0000009445700000,0x0000009445800000)]
  0x00000205c97e86a0 JavaThread "Unconstrained build operations Thread 32" [_thread_blocked, id=8480, stack(0x0000009445800000,0x0000009445900000)]
  0x00000205c97e90c0 JavaThread "Unconstrained build operations Thread 33" [_thread_blocked, id=6468, stack(0x0000009445900000,0x0000009445a00000)]
  0x00000205c97e95d0 JavaThread "Unconstrained build operations Thread 34" [_thread_blocked, id=5600, stack(0x0000009445a00000,0x0000009445b00000)]
  0x00000205c97e2670 JavaThread "Unconstrained build operations Thread 35" [_thread_blocked, id=10320, stack(0x0000009445b00000,0x0000009445c00000)]
  0x00000205c97e2b80 JavaThread "Unconstrained build operations Thread 36" [_thread_blocked, id=3588, stack(0x0000009445c00000,0x0000009445d00000)]
  0x00000205c97e3fc0 JavaThread "Unconstrained build operations Thread 37" [_thread_blocked, id=5592, stack(0x0000009445d00000,0x0000009445e00000)]
  0x00000205c56e61f0 JavaThread "Unconstrained build operations Thread 38" [_thread_blocked, id=8580, stack(0x0000009445e00000,0x0000009445f00000)]
  0x00000205c7e7e9c0 JavaThread "Unconstrained build operations Thread 39" [_thread_blocked, id=6492, stack(0x0000009445f00000,0x0000009446000000)]
  0x00000205c7e7c650 JavaThread "Unconstrained build operations Thread 40" [_thread_blocked, id=2632, stack(0x0000009446000000,0x0000009446100000)]
  0x00000205c7e7cb60 JavaThread "Cache worker for execution history cache (C:\Users\Administrator\Desktop\rn\firebasetest1\android\.gradle\8.3\executionHistory)" [_thread_blocked, id=11576, stack(0x0000009446100000,0x0000009446200000)]

Other Threads:
  0x00000205a4564ca0 VMThread "VM Thread" [stack: 0x0000009440000000,0x0000009440100000] [id=3712]
  0x0000020586a398a0 WatcherThread [stack: 0x0000009440c00000,0x0000009440d00000] [id=3208]
  0x0000020586a1d2b0 GCTaskThread "GC Thread#0" [stack: 0x000000943fb00000,0x000000943fc00000] [id=5900]
  0x00000205a49d6aa0 GCTaskThread "GC Thread#1" [stack: 0x0000009440e00000,0x0000009440f00000] [id=10144]
  0x00000205a4a13270 GCTaskThread "GC Thread#2" [stack: 0x0000009440f00000,0x0000009441000000] [id=7668]
  0x00000205a48ef3b0 GCTaskThread "GC Thread#3" [stack: 0x0000009441000000,0x0000009441100000] [id=5176]
  0x0000020586a2e9a0 ConcurrentGCThread "G1 Main Marker" [stack: 0x000000943fc00000,0x000000943fd00000] [id=10368]
  0x0000020586a2f3b0 ConcurrentGCThread "G1 Conc#0" [stack: 0x000000943fd00000,0x000000943fe00000] [id=10964]
  0x00000205a44220d0 ConcurrentGCThread "G1 Refine#0" [stack: 0x000000943fe00000,0x000000943ff00000] [id=2304]
  0x00000205c562aff0 ConcurrentGCThread "G1 Refine#1" [stack: 0x0000009442300000,0x0000009442400000] [id=9372]
  0x00000205a4422b00 ConcurrentGCThread "G1 Service" [stack: 0x000000943ff00000,0x0000009440000000] [id=5236]

Threads with active compile tasks:
C2 CompilerThread0   102498 15069   !   4       org.gradle.cache.internal.DefaultMultiProcessSafeIndexedCache::getIfPresent (25 bytes)

VM state: not at safepoint (normal execution)

VM Mutex/Monitor currently owned by a thread: None

Heap address: 0x0000000080000000, size: 2048 MB, Compressed Oops mode: 32-bit

CDS archive(s) mapped at: [0x00000205a5000000-0x00000205a5bd0000-0x00000205a5bd0000), size 12386304, SharedBaseAddress: 0x00000205a5000000, ArchiveRelocationMode: 1.
Compressed class space mapped at: 0x00000205a6000000-0x00000205c0000000, reserved size: 436207616
Narrow klass base: 0x00000205a5000000, Narrow klass shift: 0, Narrow klass range: 0x100000000

GC Precious Log:
 CPUs: 4 total, 4 available
 Memory: 8132M
 Large Page Support: Disabled
 NUMA Support: Disabled
 Compressed Oops: Enabled (32-bit)
 Heap Region Size: 1M
 Heap Min Capacity: 8M
 Heap Initial Capacity: 128M
 Heap Max Capacity: 2G
 Pre-touch: Disabled
 Parallel Workers: 4
 Concurrent Workers: 1
 Concurrent Refinement Workers: 4
 Periodic GC: Disabled

Heap:
 garbage-first heap   total 220160K, used 184917K [0x0000000080000000, 0x0000000100000000)
  region size 1024K, 35 young (35840K), 3 survivors (3072K)
 Metaspace       used 98919K, committed 99968K, reserved 557056K
  class space    used 13831K, committed 14336K, reserved 425984K

Heap Regions: E=young(eden), S=young(survivor), O=old, HS=humongous(starts), HC=humongous(continues), CS=collection set, F=free, OA=open archive, CA=closed archive, TAMS=top-at-mark-start (previous, next)
|   0|0x0000000080000000, 0x0000000080100000, 0x0000000080100000|100%| O|  |TAMS 0x0000000080100000, 0x0000000080000000| Untracked 
|   1|0x0000000080100000, 0x0000000080200000, 0x0000000080200000|100%| O|  |TAMS 0x0000000080200000, 0x0000000080100000| Untracked 
|   2|0x0000000080200000, 0x0000000080300000, 0x0000000080300000|100%|HS|  |TAMS 0x0000000080300000, 0x0000000080200000| Complete 
|   3|0x0000000080300000, 0x0000000080400000, 0x0000000080400000|100%|HC|  |TAMS 0x0000000080400000, 0x0000000080300000| Complete 
|   4|0x0000000080400000, 0x0000000080500000, 0x0000000080500000|100%|HC|  |TAMS 0x0000000080500000, 0x0000000080400000| Complete 
|   5|0x0000000080500000, 0x0000000080600000, 0x0000000080600000|100%|HC|  |TAMS 0x0000000080600000, 0x0000000080500000| Complete 
|   6|0x0000000080600000, 0x0000000080700000, 0x0000000080700000|100%| O|  |TAMS 0x0000000080700000, 0x0000000080600000| Untracked 
|   7|0x0000000080700000, 0x0000000080800000, 0x0000000080800000|100%| O|  |TAMS 0x0000000080800000, 0x0000000080700000| Untracked 
|   8|0x0000000080800000, 0x0000000080900000, 0x0000000080900000|100%| O|  |TAMS 0x0000000080900000, 0x0000000080800000| Untracked 
|   9|0x0000000080900000, 0x0000000080a00000, 0x0000000080a00000|100%| O|  |TAMS 0x0000000080a00000, 0x0000000080900000| Untracked 
|  10|0x0000000080a00000, 0x0000000080b00000, 0x0000000080b00000|100%| O|  |TAMS 0x0000000080b00000, 0x0000000080a00000| Untracked 
|  11|0x0000000080b00000, 0x0000000080c00000, 0x0000000080c00000|100%| O|  |TAMS 0x0000000080c00000, 0x0000000080b00000| Untracked 
|  12|0x0000000080c00000, 0x0000000080d00000, 0x0000000080d00000|100%| O|  |TAMS 0x0000000080d00000, 0x0000000080c00000| Untracked 
|  13|0x0000000080d00000, 0x0000000080e00000, 0x0000000080e00000|100%| O|  |TAMS 0x0000000080e00000, 0x0000000080d00000| Untracked 
|  14|0x0000000080e00000, 0x0000000080f00000, 0x0000000080f00000|100%| O|  |TAMS 0x0000000080f00000, 0x0000000080e00000| Untracked 
|  15|0x0000000080f00000, 0x0000000081000000, 0x0000000081000000|100%| O|  |TAMS 0x0000000081000000, 0x0000000080f00000| Untracked 
|  16|0x0000000081000000, 0x0000000081100000, 0x0000000081100000|100%| O|  |TAMS 0x0000000081100000, 0x0000000081000000| Untracked 
|  17|0x0000000081100000, 0x0000000081200000, 0x0000000081200000|100%| O|  |TAMS 0x0000000081200000, 0x0000000081100000| Untracked 
|  18|0x0000000081200000, 0x0000000081300000, 0x0000000081300000|100%| O|  |TAMS 0x0000000081300000, 0x0000000081200000| Untracked 
|  19|0x0000000081300000, 0x0000000081400000, 0x0000000081400000|100%| O|  |TAMS 0x0000000081400000, 0x0000000081300000| Untracked 
|  20|0x0000000081400000, 0x0000000081500000, 0x0000000081500000|100%| O|  |TAMS 0x0000000081500000, 0x0000000081400000| Untracked 
|  21|0x0000000081500000, 0x0000000081600000, 0x0000000081600000|100%| O|  |TAMS 0x0000000081600000, 0x0000000081500000| Untracked 
|  22|0x0000000081600000, 0x0000000081700000, 0x0000000081700000|100%| O|  |TAMS 0x0000000081700000, 0x0000000081600000| Untracked 
|  23|0x0000000081700000, 0x0000000081800000, 0x0000000081800000|100%| O|  |TAMS 0x0000000081800000, 0x0000000081700000| Untracked 
|  24|0x0000000081800000, 0x0000000081900000, 0x0000000081900000|100%| O|  |TAMS 0x0000000081900000, 0x0000000081800000| Untracked 
|  25|0x0000000081900000, 0x0000000081a00000, 0x0000000081a00000|100%| O|  |TAMS 0x0000000081a00000, 0x0000000081900000| Untracked 
|  26|0x0000000081a00000, 0x0000000081b00000, 0x0000000081b00000|100%| O|  |TAMS 0x0000000081b00000, 0x0000000081a00000| Untracked 
|  27|0x0000000081b00000, 0x0000000081c00000, 0x0000000081c00000|100%|HS|  |TAMS 0x0000000081b00000, 0x0000000081b00000| Complete 
|  28|0x0000000081c00000, 0x0000000081d00000, 0x0000000081d00000|100%| O|  |TAMS 0x0000000081d00000, 0x0000000081c00000| Untracked 
|  29|0x0000000081d00000, 0x0000000081e00000, 0x0000000081e00000|100%| O|  |TAMS 0x0000000081e00000, 0x0000000081d00000| Untracked 
|  30|0x0000000081e00000, 0x0000000081f00000, 0x0000000081f00000|100%| O|  |TAMS 0x0000000081f00000, 0x0000000081e00000| Untracked 
|  31|0x0000000081f00000, 0x0000000082000000, 0x0000000082000000|100%| O|  |TAMS 0x0000000082000000, 0x0000000081f00000| Untracked 
|  32|0x0000000082000000, 0x0000000082100000, 0x0000000082100000|100%| O|  |TAMS 0x0000000082100000, 0x0000000082000000| Untracked 
|  33|0x0000000082100000, 0x0000000082200000, 0x0000000082200000|100%| O|  |TAMS 0x0000000082200000, 0x0000000082100000| Untracked 
|  34|0x0000000082200000, 0x0000000082300000, 0x0000000082300000|100%| O|  |TAMS 0x0000000082300000, 0x0000000082200000| Untracked 
|  35|0x0000000082300000, 0x0000000082400000, 0x0000000082400000|100%| O|  |TAMS 0x0000000082400000, 0x0000000082300000| Untracked 
|  36|0x0000000082400000, 0x0000000082500000, 0x0000000082500000|100%| O|  |TAMS 0x0000000082500000, 0x0000000082400000| Untracked 
|  37|0x0000000082500000, 0x0000000082600000, 0x0000000082600000|100%|HS|  |TAMS 0x0000000082600000, 0x0000000082500000| Complete 
|  38|0x0000000082600000, 0x0000000082700000, 0x0000000082700000|100%|HC|  |TAMS 0x0000000082700000, 0x0000000082600000| Complete 
|  39|0x0000000082700000, 0x0000000082800000, 0x0000000082800000|100%|HS|  |TAMS 0x0000000082800000, 0x0000000082700000| Complete 
|  40|0x0000000082800000, 0x0000000082900000, 0x0000000082900000|100%|HC|  |TAMS 0x0000000082900000, 0x0000000082800000| Complete 
|  41|0x0000000082900000, 0x0000000082a00000, 0x0000000082a00000|100%| O|  |TAMS 0x0000000082a00000, 0x0000000082900000| Untracked 
|  42|0x0000000082a00000, 0x0000000082b00000, 0x0000000082b00000|100%|HS|  |TAMS 0x0000000082b00000, 0x0000000082a00000| Complete 
|  43|0x0000000082b00000, 0x0000000082c00000, 0x0000000082c00000|100%|HC|  |TAMS 0x0000000082c00000, 0x0000000082b00000| Complete 
|  44|0x0000000082c00000, 0x0000000082d00000, 0x0000000082d00000|100%|HC|  |TAMS 0x0000000082d00000, 0x0000000082c00000| Complete 
|  45|0x0000000082d00000, 0x0000000082e00000, 0x0000000082e00000|100%|HC|  |TAMS 0x0000000082e00000, 0x0000000082d00000| Complete 
|  46|0x0000000082e00000, 0x0000000082f00000, 0x0000000082f00000|100%| O|  |TAMS 0x0000000082f00000, 0x0000000082e00000| Untracked 
|  47|0x0000000082f00000, 0x0000000083000000, 0x0000000083000000|100%| O|  |TAMS 0x0000000083000000, 0x0000000082f00000| Untracked 
|  48|0x0000000083000000, 0x0000000083100000, 0x0000000083100000|100%| O|  |TAMS 0x0000000083100000, 0x0000000083000000| Untracked 
|  49|0x0000000083100000, 0x0000000083200000, 0x0000000083200000|100%| O|  |TAMS 0x0000000083200000, 0x0000000083100000| Untracked 
|  50|0x0000000083200000, 0x0000000083300000, 0x0000000083300000|100%| O|  |TAMS 0x0000000083300000, 0x0000000083200000| Untracked 
|  51|0x0000000083300000, 0x0000000083400000, 0x0000000083400000|100%|HS|  |TAMS 0x0000000083400000, 0x0000000083300000| Complete 
|  52|0x0000000083400000, 0x0000000083500000, 0x0000000083500000|100%|HC|  |TAMS 0x0000000083500000, 0x0000000083400000| Complete 
|  53|0x0000000083500000, 0x0000000083600000, 0x0000000083600000|100%|HC|  |TAMS 0x0000000083600000, 0x0000000083500000| Complete 
|  54|0x0000000083600000, 0x0000000083700000, 0x0000000083700000|100%|HC|  |TAMS 0x0000000083700000, 0x0000000083600000| Complete 
|  55|0x0000000083700000, 0x0000000083800000, 0x0000000083800000|100%| O|  |TAMS 0x0000000083800000, 0x0000000083700000| Untracked 
|  56|0x0000000083800000, 0x0000000083900000, 0x0000000083900000|100%| O|  |TAMS 0x0000000083900000, 0x0000000083800000| Untracked 
|  57|0x0000000083900000, 0x0000000083a00000, 0x0000000083a00000|100%| O|  |TAMS 0x0000000083a00000, 0x0000000083900000| Untracked 
|  58|0x0000000083a00000, 0x0000000083b00000, 0x0000000083b00000|100%| O|  |TAMS 0x0000000083b00000, 0x0000000083a00000| Untracked 
|  59|0x0000000083b00000, 0x0000000083c00000, 0x0000000083c00000|100%| O|  |TAMS 0x0000000083c00000, 0x0000000083b00000| Untracked 
|  60|0x0000000083c00000, 0x0000000083d00000, 0x0000000083d00000|100%| O|  |TAMS 0x0000000083d00000, 0x0000000083c00000| Untracked 
|  61|0x0000000083d00000, 0x0000000083e00000, 0x0000000083e00000|100%| O|  |TAMS 0x0000000083e00000, 0x0000000083d00000| Untracked 
|  62|0x0000000083e00000, 0x0000000083f00000, 0x0000000083f00000|100%| O|  |TAMS 0x0000000083f00000, 0x0000000083e00000| Untracked 
|  63|0x0000000083f00000, 0x0000000084000000, 0x0000000084000000|100%| O|  |TAMS 0x0000000084000000, 0x0000000083f00000| Untracked 
|  64|0x0000000084000000, 0x0000000084100000, 0x0000000084100000|100%| O|  |TAMS 0x0000000084100000, 0x0000000084000000| Untracked 
|  65|0x0000000084100000, 0x0000000084200000, 0x0000000084200000|100%| O|  |TAMS 0x0000000084200000, 0x0000000084100000| Untracked 
|  66|0x0000000084200000, 0x0000000084300000, 0x0000000084300000|100%|HS|  |TAMS 0x0000000084300000, 0x0000000084200000| Complete 
|  67|0x0000000084300000, 0x0000000084400000, 0x0000000084400000|100%|HS|  |TAMS 0x0000000084400000, 0x0000000084300000| Complete 
|  68|0x0000000084400000, 0x0000000084500000, 0x0000000084500000|100%|HS|  |TAMS 0x0000000084500000, 0x0000000084400000| Complete 
|  69|0x0000000084500000, 0x0000000084600000, 0x0000000084600000|100%| O|  |TAMS 0x0000000084600000, 0x0000000084500000| Untracked 
|  70|0x0000000084600000, 0x0000000084700000, 0x0000000084700000|100%| O|  |TAMS 0x0000000084700000, 0x0000000084600000| Untracked 
|  71|0x0000000084700000, 0x0000000084800000, 0x0000000084800000|100%| O|  |TAMS 0x0000000084800000, 0x0000000084700000| Untracked 
|  72|0x0000000084800000, 0x0000000084900000, 0x0000000084900000|100%|HS|  |TAMS 0x0000000084900000, 0x0000000084800000| Complete 
|  73|0x0000000084900000, 0x0000000084a00000, 0x0000000084a00000|100%| O|  |TAMS 0x0000000084a00000, 0x0000000084900000| Untracked 
|  74|0x0000000084a00000, 0x0000000084b00000, 0x0000000084b00000|100%| O|  |TAMS 0x0000000084b00000, 0x0000000084a00000| Untracked 
|  75|0x0000000084b00000, 0x0000000084c00000, 0x0000000084c00000|100%| O|  |TAMS 0x0000000084c00000, 0x0000000084b00000| Untracked 
|  76|0x0000000084c00000, 0x0000000084d00000, 0x0000000084d00000|100%| O|  |TAMS 0x0000000084d00000, 0x0000000084c00000| Untracked 
|  77|0x0000000084d00000, 0x0000000084e00000, 0x0000000084e00000|100%| O|  |TAMS 0x0000000084e00000, 0x0000000084d00000| Untracked 
|  78|0x0000000084e00000, 0x0000000084f00000, 0x0000000084f00000|100%| O|  |TAMS 0x0000000084f00000, 0x0000000084e00000| Untracked 
|  79|0x0000000084f00000, 0x0000000085000000, 0x0000000085000000|100%| O|  |TAMS 0x0000000085000000, 0x0000000084f00000| Untracked 
|  80|0x0000000085000000, 0x0000000085100000, 0x0000000085100000|100%| O|  |TAMS 0x0000000085100000, 0x0000000085000000| Untracked 
|  81|0x0000000085100000, 0x0000000085200000, 0x0000000085200000|100%| O|  |TAMS 0x0000000085200000, 0x0000000085100000| Untracked 
|  82|0x0000000085200000, 0x0000000085300000, 0x0000000085300000|100%| O|  |TAMS 0x0000000085300000, 0x0000000085200000| Untracked 
|  83|0x0000000085300000, 0x0000000085400000, 0x0000000085400000|100%| O|  |TAMS 0x0000000085400000, 0x0000000085300000| Untracked 
|  84|0x0000000085400000, 0x0000000085500000, 0x0000000085500000|100%| O|  |TAMS 0x0000000085500000, 0x0000000085400000| Untracked 
|  85|0x0000000085500000, 0x0000000085600000, 0x0000000085600000|100%| O|  |TAMS 0x0000000085600000, 0x0000000085500000| Untracked 
|  86|0x0000000085600000, 0x0000000085700000, 0x0000000085700000|100%| O|  |TAMS 0x0000000085700000, 0x0000000085600000| Untracked 
|  87|0x0000000085700000, 0x0000000085800000, 0x0000000085800000|100%| O|  |TAMS 0x0000000085800000, 0x0000000085700000| Untracked 
|  88|0x0000000085800000, 0x0000000085900000, 0x0000000085900000|100%| O|  |TAMS 0x0000000085900000, 0x0000000085800000| Untracked 
|  89|0x0000000085900000, 0x0000000085a00000, 0x0000000085a00000|100%| O|  |TAMS 0x0000000085a00000, 0x0000000085900000| Untracked 
|  90|0x0000000085a00000, 0x0000000085b00000, 0x0000000085b00000|100%| O|  |TAMS 0x0000000085b00000, 0x0000000085a00000| Untracked 
|  91|0x0000000085b00000, 0x0000000085c00000, 0x0000000085c00000|100%| O|  |TAMS 0x0000000085c00000, 0x0000000085b00000| Untracked 
|  92|0x0000000085c00000, 0x0000000085d00000, 0x0000000085d00000|100%| O|  |TAMS 0x0000000085d00000, 0x0000000085c00000| Untracked 
|  93|0x0000000085d00000, 0x0000000085e00000, 0x0000000085e00000|100%| O|  |TAMS 0x0000000085e00000, 0x0000000085d00000| Untracked 
|  94|0x0000000085e00000, 0x0000000085f00000, 0x0000000085f00000|100%| O|  |TAMS 0x0000000085f00000, 0x0000000085e00000| Untracked 
|  95|0x0000000085f00000, 0x0000000086000000, 0x0000000086000000|100%| O|  |TAMS 0x0000000086000000, 0x0000000085f00000| Untracked 
|  96|0x0000000086000000, 0x0000000086100000, 0x0000000086100000|100%| O|  |TAMS 0x0000000086100000, 0x0000000086000000| Untracked 
|  97|0x0000000086100000, 0x0000000086200000, 0x0000000086200000|100%| O|  |TAMS 0x0000000086200000, 0x0000000086100000| Untracked 
|  98|0x0000000086200000, 0x0000000086300000, 0x0000000086300000|100%| O|  |TAMS 0x00000000862e5400, 0x0000000086200000| Untracked 
|  99|0x0000000086300000, 0x0000000086400000, 0x0000000086400000|100%| O|  |TAMS 0x0000000086300000, 0x0000000086300000| Untracked 
| 100|0x0000000086400000, 0x0000000086500000, 0x0000000086500000|100%| O|  |TAMS 0x0000000086400000, 0x0000000086400000| Untracked 
| 101|0x0000000086500000, 0x0000000086600000, 0x0000000086600000|100%| O|  |TAMS 0x0000000086500000, 0x0000000086500000| Untracked 
| 102|0x0000000086600000, 0x0000000086700000, 0x0000000086700000|100%| O|  |TAMS 0x0000000086600000, 0x0000000086600000| Untracked 
| 103|0x0000000086700000, 0x0000000086800000, 0x0000000086800000|100%|HS|  |TAMS 0x0000000086700000, 0x0000000086700000| Complete 
| 104|0x0000000086800000, 0x0000000086900000, 0x0000000086900000|100%|HS|  |TAMS 0x0000000086800000, 0x0000000086800000| Complete 
| 105|0x0000000086900000, 0x0000000086a00000, 0x0000000086a00000|100%| O|  |TAMS 0x0000000086900000, 0x0000000086900000| Untracked 
| 106|0x0000000086a00000, 0x0000000086b00000, 0x0000000086b00000|100%| O|  |TAMS 0x0000000086a00000, 0x0000000086a00000| Untracked 
| 107|0x0000000086b00000, 0x0000000086c00000, 0x0000000086c00000|100%| O|  |TAMS 0x0000000086b00000, 0x0000000086b00000| Untracked 
| 108|0x0000000086c00000, 0x0000000086d00000, 0x0000000086d00000|100%| O|  |TAMS 0x0000000086c00000, 0x0000000086c00000| Untracked 
| 109|0x0000000086d00000, 0x0000000086e00000, 0x0000000086e00000|100%| O|  |TAMS 0x0000000086d00000, 0x0000000086d00000| Untracked 
| 110|0x0000000086e00000, 0x0000000086f00000, 0x0000000086f00000|100%|HS|  |TAMS 0x0000000086e00000, 0x0000000086e00000| Complete 
| 111|0x0000000086f00000, 0x0000000087000000, 0x0000000087000000|100%|HC|  |TAMS 0x0000000086f00000, 0x0000000086f00000| Complete 
| 112|0x0000000087000000, 0x0000000087100000, 0x0000000087100000|100%| O|  |TAMS 0x0000000087000000, 0x0000000087000000| Untracked 
| 113|0x0000000087100000, 0x0000000087200000, 0x0000000087200000|100%| O|  |TAMS 0x0000000087100000, 0x0000000087100000| Untracked 
| 114|0x0000000087200000, 0x0000000087300000, 0x0000000087300000|100%| O|  |TAMS 0x0000000087200000, 0x0000000087200000| Untracked 
| 115|0x0000000087300000, 0x0000000087400000, 0x0000000087400000|100%| O|  |TAMS 0x0000000087300000, 0x0000000087300000| Untracked 
| 116|0x0000000087400000, 0x0000000087500000, 0x0000000087500000|100%| O|  |TAMS 0x0000000087400000, 0x0000000087400000| Untracked 
| 117|0x0000000087500000, 0x0000000087600000, 0x0000000087600000|100%| O|  |TAMS 0x0000000087500000, 0x0000000087500000| Untracked 
| 118|0x0000000087600000, 0x0000000087700000, 0x0000000087700000|100%| O|  |TAMS 0x0000000087600000, 0x0000000087600000| Untracked 
| 119|0x0000000087700000, 0x0000000087800000, 0x0000000087800000|100%| O|  |TAMS 0x0000000087700000, 0x0000000087700000| Untracked 
| 120|0x0000000087800000, 0x0000000087900000, 0x0000000087900000|100%| O|  |TAMS 0x0000000087800000, 0x0000000087800000| Untracked 
| 121|0x0000000087900000, 0x0000000087a00000, 0x0000000087a00000|100%| O|  |TAMS 0x0000000087900000, 0x0000000087900000| Untracked 
| 122|0x0000000087a00000, 0x0000000087b00000, 0x0000000087b00000|100%| O|  |TAMS 0x0000000087a00000, 0x0000000087a00000| Untracked 
| 123|0x0000000087b00000, 0x0000000087c00000, 0x0000000087c00000|100%| O|  |TAMS 0x0000000087b00000, 0x0000000087b00000| Untracked 
| 124|0x0000000087c00000, 0x0000000087d00000, 0x0000000087d00000|100%| O|  |TAMS 0x0000000087c00000, 0x0000000087c00000| Untracked 
| 125|0x0000000087d00000, 0x0000000087e00000, 0x0000000087e00000|100%| O|  |TAMS 0x0000000087d00000, 0x0000000087d00000| Untracked 
| 126|0x0000000087e00000, 0x0000000087f00000, 0x0000000087f00000|100%| O|  |TAMS 0x0000000087e00000, 0x0000000087e00000| Untracked 
| 127|0x0000000087f00000, 0x0000000088000000, 0x0000000088000000|100%| O|  |TAMS 0x0000000087f00000, 0x0000000087f00000| Untracked 
| 128|0x0000000088000000, 0x0000000088100000, 0x0000000088100000|100%| O|  |TAMS 0x0000000088000000, 0x0000000088000000| Untracked 
| 129|0x0000000088100000, 0x0000000088200000, 0x0000000088200000|100%| O|  |TAMS 0x0000000088100000, 0x0000000088100000| Untracked 
| 130|0x0000000088200000, 0x0000000088300000, 0x0000000088300000|100%| O|  |TAMS 0x0000000088200000, 0x0000000088200000| Untracked 
| 131|0x0000000088300000, 0x0000000088400000, 0x0000000088400000|100%| O|  |TAMS 0x0000000088300000, 0x0000000088300000| Untracked 
| 132|0x0000000088400000, 0x0000000088500000, 0x0000000088500000|100%| O|  |TAMS 0x0000000088400000, 0x0000000088400000| Untracked 
| 133|0x0000000088500000, 0x0000000088600000, 0x0000000088600000|100%| O|  |TAMS 0x0000000088500000, 0x0000000088500000| Untracked 
| 134|0x0000000088600000, 0x0000000088700000, 0x0000000088700000|100%| O|  |TAMS 0x0000000088600000, 0x0000000088600000| Untracked 
| 135|0x0000000088700000, 0x0000000088800000, 0x0000000088800000|100%| O|  |TAMS 0x0000000088700000, 0x0000000088700000| Untracked 
| 136|0x0000000088800000, 0x0000000088900000, 0x0000000088900000|100%| O|  |TAMS 0x0000000088800000, 0x0000000088800000| Untracked 
| 137|0x0000000088900000, 0x0000000088a00000, 0x0000000088a00000|100%| O|  |TAMS 0x0000000088900000, 0x0000000088900000| Untracked 
| 138|0x0000000088a00000, 0x0000000088b00000, 0x0000000088b00000|100%| O|  |TAMS 0x0000000088a00000, 0x0000000088a00000| Untracked 
| 139|0x0000000088b00000, 0x0000000088c00000, 0x0000000088c00000|100%| O|  |TAMS 0x0000000088b00000, 0x0000000088b00000| Untracked 
| 140|0x0000000088c00000, 0x0000000088d00000, 0x0000000088d00000|100%| O|  |TAMS 0x0000000088c00000, 0x0000000088c00000| Untracked 
| 141|0x0000000088d00000, 0x0000000088e00000, 0x0000000088e00000|100%| O|  |TAMS 0x0000000088d00000, 0x0000000088d00000| Untracked 
| 142|0x0000000088e00000, 0x0000000088f00000, 0x0000000088f00000|100%| O|  |TAMS 0x0000000088e00000, 0x0000000088e00000| Untracked 
| 143|0x0000000088f00000, 0x0000000089000000, 0x0000000089000000|100%| O|  |TAMS 0x0000000088f00000, 0x0000000088f00000| Untracked 
| 144|0x0000000089000000, 0x0000000089100000, 0x0000000089100000|100%| O|  |TAMS 0x0000000089000000, 0x0000000089000000| Untracked 
| 145|0x0000000089100000, 0x0000000089200000, 0x0000000089200000|100%| O|  |TAMS 0x0000000089100000, 0x0000000089100000| Untracked 
| 146|0x0000000089200000, 0x0000000089300000, 0x0000000089300000|100%| O|  |TAMS 0x0000000089200000, 0x0000000089200000| Untracked 
| 147|0x0000000089300000, 0x0000000089395600, 0x0000000089400000| 58%| O|  |TAMS 0x0000000089300000, 0x0000000089300000| Untracked 
| 148|0x0000000089400000, 0x0000000089400000, 0x0000000089500000|  0%| F|  |TAMS 0x0000000089400000, 0x0000000089400000| Untracked 
| 149|0x0000000089500000, 0x0000000089500000, 0x0000000089600000|  0%| F|  |TAMS 0x0000000089500000, 0x0000000089500000| Untracked 
| 150|0x0000000089600000, 0x0000000089600000, 0x0000000089700000|  0%| F|  |TAMS 0x0000000089600000, 0x0000000089600000| Untracked 
| 151|0x0000000089700000, 0x0000000089700000, 0x0000000089800000|  0%| F|  |TAMS 0x0000000089700000, 0x0000000089700000| Untracked 
| 152|0x0000000089800000, 0x0000000089800000, 0x0000000089900000|  0%| F|  |TAMS 0x0000000089800000, 0x0000000089800000| Untracked 
| 153|0x0000000089900000, 0x0000000089900000, 0x0000000089a00000|  0%| F|  |TAMS 0x0000000089900000, 0x0000000089900000| Untracked 
| 154|0x0000000089a00000, 0x0000000089a00000, 0x0000000089b00000|  0%| F|  |TAMS 0x0000000089a00000, 0x0000000089a00000| Untracked 
| 155|0x0000000089b00000, 0x0000000089b00000, 0x0000000089c00000|  0%| F|  |TAMS 0x0000000089b00000, 0x0000000089b00000| Untracked 
| 156|0x0000000089c00000, 0x0000000089c00000, 0x0000000089d00000|  0%| F|  |TAMS 0x0000000089c00000, 0x0000000089c00000| Untracked 
| 157|0x0000000089d00000, 0x0000000089d00000, 0x0000000089e00000|  0%| F|  |TAMS 0x0000000089d00000, 0x0000000089d00000| Untracked 
| 158|0x0000000089e00000, 0x0000000089e00000, 0x0000000089f00000|  0%| F|  |TAMS 0x0000000089e00000, 0x0000000089e00000| Untracked 
| 159|0x0000000089f00000, 0x0000000089f00000, 0x000000008a000000|  0%| F|  |TAMS 0x0000000089f00000, 0x0000000089f00000| Untracked 
| 160|0x000000008a000000, 0x000000008a000000, 0x000000008a100000|  0%| F|  |TAMS 0x000000008a000000, 0x000000008a000000| Untracked 
| 161|0x000000008a100000, 0x000000008a100000, 0x000000008a200000|  0%| F|  |TAMS 0x000000008a100000, 0x000000008a100000| Untracked 
| 162|0x000000008a200000, 0x000000008a200000, 0x000000008a300000|  0%| F|  |TAMS 0x000000008a200000, 0x000000008a200000| Untracked 
| 163|0x000000008a300000, 0x000000008a300000, 0x000000008a400000|  0%| F|  |TAMS 0x000000008a300000, 0x000000008a300000| Untracked 
| 164|0x000000008a400000, 0x000000008a400000, 0x000000008a500000|  0%| F|  |TAMS 0x000000008a400000, 0x000000008a400000| Untracked 
| 165|0x000000008a500000, 0x000000008a500000, 0x000000008a600000|  0%| F|  |TAMS 0x000000008a500000, 0x000000008a500000| Untracked 
| 166|0x000000008a600000, 0x000000008a600000, 0x000000008a700000|  0%| F|  |TAMS 0x000000008a600000, 0x000000008a600000| Untracked 
| 167|0x000000008a700000, 0x000000008a700000, 0x000000008a800000|  0%| F|  |TAMS 0x000000008a700000, 0x000000008a700000| Untracked 
| 168|0x000000008a800000, 0x000000008a800000, 0x000000008a900000|  0%| F|  |TAMS 0x000000008a800000, 0x000000008a800000| Untracked 
| 169|0x000000008a900000, 0x000000008a900000, 0x000000008aa00000|  0%| F|  |TAMS 0x000000008a900000, 0x000000008a900000| Untracked 
| 170|0x000000008aa00000, 0x000000008aa00000, 0x000000008ab00000|  0%| F|  |TAMS 0x000000008aa00000, 0x000000008aa00000| Untracked 
| 171|0x000000008ab00000, 0x000000008ab00000, 0x000000008ac00000|  0%| F|  |TAMS 0x000000008ab00000, 0x000000008ab00000| Untracked 
| 172|0x000000008ac00000, 0x000000008ac00000, 0x000000008ad00000|  0%| F|  |TAMS 0x000000008ac00000, 0x000000008ac00000| Untracked 
| 173|0x000000008ad00000, 0x000000008ad00000, 0x000000008ae00000|  0%| F|  |TAMS 0x000000008ad00000, 0x000000008ad00000| Untracked 
| 174|0x000000008ae00000, 0x000000008ae00000, 0x000000008af00000|  0%| F|  |TAMS 0x000000008ae00000, 0x000000008ae00000| Untracked 
| 175|0x000000008af00000, 0x000000008af00000, 0x000000008b000000|  0%| F|  |TAMS 0x000000008af00000, 0x000000008af00000| Untracked 
| 176|0x000000008b000000, 0x000000008b000000, 0x000000008b100000|  0%| F|  |TAMS 0x000000008b000000, 0x000000008b000000| Untracked 
| 177|0x000000008b100000, 0x000000008b200000, 0x000000008b200000|100%| S|CS|TAMS 0x000000008b100000, 0x000000008b100000| Complete 
| 178|0x000000008b200000, 0x000000008b300000, 0x000000008b300000|100%| S|CS|TAMS 0x000000008b200000, 0x000000008b200000| Complete 
| 179|0x000000008b300000, 0x000000008b400000, 0x000000008b400000|100%| S|CS|TAMS 0x000000008b300000, 0x000000008b300000| Complete 
| 180|0x000000008b400000, 0x000000008b400000, 0x000000008b500000|  0%| F|  |TAMS 0x000000008b400000, 0x000000008b400000| Untracked 
| 181|0x000000008b500000, 0x000000008b500000, 0x000000008b600000|  0%| F|  |TAMS 0x000000008b500000, 0x000000008b500000| Untracked 
| 182|0x000000008b600000, 0x000000008b600000, 0x000000008b700000|  0%| F|  |TAMS 0x000000008b600000, 0x000000008b600000| Untracked 
| 183|0x000000008b700000, 0x000000008b7a0678, 0x000000008b800000| 62%| E|  |TAMS 0x000000008b700000, 0x000000008b700000| Complete 
| 184|0x000000008b800000, 0x000000008b900000, 0x000000008b900000|100%| E|CS|TAMS 0x000000008b800000, 0x000000008b800000| Complete 
| 185|0x000000008b900000, 0x000000008ba00000, 0x000000008ba00000|100%| E|CS|TAMS 0x000000008b900000, 0x000000008b900000| Complete 
| 186|0x000000008ba00000, 0x000000008bb00000, 0x000000008bb00000|100%| E|CS|TAMS 0x000000008ba00000, 0x000000008ba00000| Complete 
| 187|0x000000008bb00000, 0x000000008bc00000, 0x000000008bc00000|100%| E|CS|TAMS 0x000000008bb00000, 0x000000008bb00000| Complete 
| 188|0x000000008bc00000, 0x000000008bd00000, 0x000000008bd00000|100%| E|CS|TAMS 0x000000008bc00000, 0x000000008bc00000| Complete 
| 189|0x000000008bd00000, 0x000000008be00000, 0x000000008be00000|100%| E|CS|TAMS 0x000000008bd00000, 0x000000008bd00000| Complete 
| 190|0x000000008be00000, 0x000000008bf00000, 0x000000008bf00000|100%| E|CS|TAMS 0x000000008be00000, 0x000000008be00000| Complete 
| 191|0x000000008bf00000, 0x000000008c000000, 0x000000008c000000|100%| E|CS|TAMS 0x000000008bf00000, 0x000000008bf00000| Complete 
| 192|0x000000008c000000, 0x000000008c100000, 0x000000008c100000|100%| E|CS|TAMS 0x000000008c000000, 0x000000008c000000| Complete 
| 193|0x000000008c100000, 0x000000008c200000, 0x000000008c200000|100%| E|CS|TAMS 0x000000008c100000, 0x000000008c100000| Complete 
| 194|0x000000008c200000, 0x000000008c300000, 0x000000008c300000|100%| E|CS|TAMS 0x000000008c200000, 0x000000008c200000| Complete 
| 195|0x000000008c300000, 0x000000008c400000, 0x000000008c400000|100%| E|CS|TAMS 0x000000008c300000, 0x000000008c300000| Complete 
| 196|0x000000008c400000, 0x000000008c500000, 0x000000008c500000|100%| E|CS|TAMS 0x000000008c400000, 0x000000008c400000| Complete 
| 197|0x000000008c500000, 0x000000008c600000, 0x000000008c600000|100%| E|CS|TAMS 0x000000008c500000, 0x000000008c500000| Complete 
| 198|0x000000008c600000, 0x000000008c700000, 0x000000008c700000|100%| E|CS|TAMS 0x000000008c600000, 0x000000008c600000| Complete 
| 199|0x000000008c700000, 0x000000008c800000, 0x000000008c800000|100%| E|CS|TAMS 0x000000008c700000, 0x000000008c700000| Complete 
| 200|0x000000008c800000, 0x000000008c900000, 0x000000008c900000|100%| E|CS|TAMS 0x000000008c800000, 0x000000008c800000| Complete 
| 201|0x000000008c900000, 0x000000008ca00000, 0x000000008ca00000|100%| E|CS|TAMS 0x000000008c900000, 0x000000008c900000| Complete 
| 202|0x000000008ca00000, 0x000000008cb00000, 0x000000008cb00000|100%| E|CS|TAMS 0x000000008ca00000, 0x000000008ca00000| Complete 
| 203|0x000000008cb00000, 0x000000008cc00000, 0x000000008cc00000|100%| E|CS|TAMS 0x000000008cb00000, 0x000000008cb00000| Complete 
| 204|0x000000008cc00000, 0x000000008cd00000, 0x000000008cd00000|100%| E|CS|TAMS 0x000000008cc00000, 0x000000008cc00000| Complete 
| 205|0x000000008cd00000, 0x000000008ce00000, 0x000000008ce00000|100%| E|CS|TAMS 0x000000008cd00000, 0x000000008cd00000| Complete 
| 206|0x000000008ce00000, 0x000000008cf00000, 0x000000008cf00000|100%| E|CS|TAMS 0x000000008ce00000, 0x000000008ce00000| Complete 
| 207|0x000000008cf00000, 0x000000008d000000, 0x000000008d000000|100%| E|CS|TAMS 0x000000008cf00000, 0x000000008cf00000| Complete 
| 208|0x000000008d000000, 0x000000008d100000, 0x000000008d100000|100%| E|CS|TAMS 0x000000008d000000, 0x000000008d000000| Complete 
| 209|0x000000008d100000, 0x000000008d200000, 0x000000008d200000|100%| E|  |TAMS 0x000000008d100000, 0x000000008d100000| Complete 
| 210|0x000000008d200000, 0x000000008d300000, 0x000000008d300000|100%| E|CS|TAMS 0x000000008d200000, 0x000000008d200000| Complete 
| 211|0x000000008d300000, 0x000000008d400000, 0x000000008d400000|100%| E|CS|TAMS 0x000000008d300000, 0x000000008d300000| Complete 
| 212|0x000000008d400000, 0x000000008d500000, 0x000000008d500000|100%| E|CS|TAMS 0x000000008d400000, 0x000000008d400000| Complete 
| 213|0x000000008d500000, 0x000000008d600000, 0x000000008d600000|100%| E|CS|TAMS 0x000000008d500000, 0x000000008d500000| Complete 
| 214|0x000000008d600000, 0x000000008d700000, 0x000000008d700000|100%| E|CS|TAMS 0x000000008d600000, 0x000000008d600000| Complete 

Card table byte_map: [0x000002059d8b0000,0x000002059dcb0000] _byte_map_base: 0x000002059d4b0000

Marking Bits (Prev, Next): (CMBitMap*) 0x0000020586a1d910, (CMBitMap*) 0x0000020586a1d8d0
 Prev Bits: [0x00000205a00b0000, 0x00000205a20b0000)
 Next Bits: [0x000002059e0b0000, 0x00000205a00b0000)

Polling page: 0x0000020586170000

Metaspace:

Usage:
  Non-class:     83.09 MB used.
      Class:     13.51 MB used.
       Both:     96.60 MB used.

Virtual space:
  Non-class space:      128.00 MB reserved,      83.62 MB ( 65%) committed,  2 nodes.
      Class space:      416.00 MB reserved,      14.00 MB (  3%) committed,  1 nodes.
             Both:      544.00 MB reserved,      97.62 MB ( 18%) committed. 

Chunk freelists:
   Non-Class:  12.28 MB
       Class:  1.91 MB
        Both:  14.19 MB

MaxMetaspaceSize: 512.00 MB
CompressedClassSpaceSize: 416.00 MB
Initial GC threshold: 21.00 MB
Current GC threshold: 144.69 MB
CDS: on
MetaspaceReclaimPolicy: balanced
 - commit_granule_bytes: 65536.
 - commit_granule_words: 8192.
 - virtual_space_node_default_size: 8388608.
 - enlarge_chunks_in_place: 1.
 - new_chunks_are_fully_committed: 0.
 - uncommit_free_chunks: 1.
 - use_allocation_guard: 0.
 - handle_deallocations: 1.


Internal statistics:

num_allocs_failed_limit: 6.
num_arena_births: 1294.
num_arena_deaths: 0.
num_vsnodes_births: 3.
num_vsnodes_deaths: 0.
num_space_committed: 1562.
num_space_uncommitted: 0.
num_chunks_returned_to_freelist: 6.
num_chunks_taken_from_freelist: 5669.
num_chunk_merges: 6.
num_chunk_splits: 3640.
num_chunks_enlarged: 2325.
num_inconsistent_stats: 0.

CodeHeap 'non-profiled nmethods': size=120000Kb used=8696Kb max_used=8696Kb free=111303Kb
 bounds [0x0000020595f80000, 0x0000020596800000, 0x000002059d4b0000]
CodeHeap 'profiled nmethods': size=120000Kb used=25226Kb max_used=25403Kb free=94773Kb
 bounds [0x000002058e4b0000, 0x000002058fd90000, 0x00000205959e0000]
CodeHeap 'non-nmethods': size=5760Kb used=2398Kb max_used=2461Kb free=3361Kb
 bounds [0x00000205959e0000, 0x0000020595c50000, 0x0000020595f80000]
 total_blobs=13717 nmethods=12785 adapters=843
 compilation: enabled
              stopped_count=0, restarted_count=0
 full_count=0

Compilation events (20 events):
Event: 101.025 Thread 0x00000205a458a000 nmethod 15059 0x00000205967f8990 code [0x00000205967f8b20, 0x00000205967f8c38]
Event: 101.106 Thread 0x00000205a458a000 15060       4       org.gradle.cache.internal.btree.FileBackedBlockStore$BlockImpl::<init> (8 bytes)
Event: 101.112 Thread 0x00000205a458a000 nmethod 15060 0x00000205967f8d90 code [0x00000205967f8f00, 0x00000205967f92f8]
Event: 101.112 Thread 0x00000205a458a000 15061       4       org.gradle.cache.internal.btree.FileBackedBlockStore$BlockImpl::setPos (34 bytes)
Event: 101.114 Thread 0x00000205a458a000 nmethod 15061 0x00000205967f9410 code [0x00000205967f9580, 0x00000205967f96b8]
Event: 101.263 Thread 0x00000205a458a000 15062       4       java.util.concurrent.locks.AbstractQueuedSynchronizer$ConditionObject::doSignal (54 bytes)
Event: 101.276 Thread 0x00000205a458a000 nmethod 15062 0x00000205967f9710 code [0x00000205967f98a0, 0x00000205967f9e88]
Event: 101.276 Thread 0x00000205a458a000 15063       4       org.gradle.cache.internal.btree.KeyHasher$MessageDigestStream::getChecksum (41 bytes)
Event: 101.286 Thread 0x00000205a458a000 nmethod 15063 0x00000205967fa090 code [0x00000205967fa260, 0x00000205967fa708]
Event: 101.643 Thread 0x00000205a458a000 15064       4       java.util.concurrent.TimeUnit::convert (77 bytes)
Event: 101.646 Thread 0x00000205a458a000 nmethod 15064 0x00000205967fab90 code [0x00000205967fad20, 0x00000205967faf78]
Event: 101.646 Thread 0x00000205a458a000 15065       4       java.util.concurrent.locks.ReentrantLock$Sync::tryLock (63 bytes)
Event: 101.649 Thread 0x00000205a458a000 nmethod 15065 0x00000205967fb190 code [0x00000205967fb300, 0x00000205967fb498]
Event: 101.649 Thread 0x00000205a458a000 15066       4       com.google.common.cache.LocalCache$Segment::expireEntries (113 bytes)
Event: 101.679 Thread 0x00000205a458a000 nmethod 15066 0x00000205967fb510 code [0x00000205967fb720, 0x00000205967fc2c8]
Event: 101.704 Thread 0x00000205a458a000 15067       4       sun.nio.fs.WindowsPath::getFileName (87 bytes)
Event: 101.719 Thread 0x00000205a458a000 nmethod 15067 0x00000205967fca90 code [0x00000205967fcc60, 0x00000205967fd878]
Event: 101.719 Thread 0x00000205a458a000 15068       4       org.gradle.cache.internal.DefaultFileLockManager$DefaultFileLock::assertOpenAndIntegral (41 bytes)
Event: 101.720 Thread 0x00000205a458a000 nmethod 15068 0x00000205967fdd90 code [0x00000205967fdf20, 0x00000205967fe038]
Event: 101.749 Thread 0x00000205a458a000 15069   !   4       org.gradle.cache.internal.DefaultMultiProcessSafeIndexedCache::getIfPresent (25 bytes)

GC Heap History (20 events):
Event: 89.085 GC heap before
{Heap before GC invocations=71 (full 0):
 garbage-first heap   total 183296K, used 155038K [0x0000000080000000, 0x0000000100000000)
  region size 1024K, 23 young (23552K), 2 survivors (2048K)
 Metaspace       used 94703K, committed 95680K, reserved 557056K
  class space    used 13355K, committed 13824K, reserved 425984K
}
Event: 89.095 GC heap after
{Heap after GC invocations=72 (full 0):
 garbage-first heap   total 183296K, used 135054K [0x0000000080000000, 0x0000000100000000)
  region size 1024K, 3 young (3072K), 3 survivors (3072K)
 Metaspace       used 94703K, committed 95680K, reserved 557056K
  class space    used 13355K, committed 13824K, reserved 425984K
}
Event: 90.545 GC heap before
{Heap before GC invocations=72 (full 0):
 garbage-first heap   total 183296K, used 155534K [0x0000000080000000, 0x0000000100000000)
  region size 1024K, 23 young (23552K), 3 survivors (3072K)
 Metaspace       used 95209K, committed 96256K, reserved 557056K
  class space    used 13428K, committed 13888K, reserved 425984K
}
Event: 90.552 GC heap after
{Heap after GC invocations=73 (full 0):
 garbage-first heap   total 183296K, used 137555K [0x0000000080000000, 0x0000000100000000)
  region size 1024K, 3 young (3072K), 3 survivors (3072K)
 Metaspace       used 95209K, committed 96256K, reserved 557056K
  class space    used 13428K, committed 13888K, reserved 425984K
}
Event: 90.932 GC heap before
{Heap before GC invocations=73 (full 0):
 garbage-first heap   total 183296K, used 157011K [0x0000000080000000, 0x0000000100000000)
  region size 1024K, 22 young (22528K), 3 survivors (3072K)
 Metaspace       used 96263K, committed 97280K, reserved 557056K
  class space    used 13548K, committed 14016K, reserved 425984K
}
Event: 90.940 GC heap after
{Heap after GC invocations=74 (full 0):
 garbage-first heap   total 183296K, used 139978K [0x0000000080000000, 0x0000000100000000)
  region size 1024K, 3 young (3072K), 3 survivors (3072K)
 Metaspace       used 96263K, committed 97280K, reserved 557056K
  class space    used 13548K, committed 14016K, reserved 425984K
}
Event: 91.210 GC heap before
{Heap before GC invocations=74 (full 0):
 garbage-first heap   total 183296K, used 156362K [0x0000000080000000, 0x0000000100000000)
  region size 1024K, 19 young (19456K), 3 survivors (3072K)
 Metaspace       used 96846K, committed 97856K, reserved 557056K
  class space    used 13617K, committed 14080K, reserved 425984K
}
Event: 91.215 GC heap after
{Heap after GC invocations=75 (full 0):
 garbage-first heap   total 183296K, used 141942K [0x0000000080000000, 0x0000000100000000)
  region size 1024K, 2 young (2048K), 2 survivors (2048K)
 Metaspace       used 96846K, committed 97856K, reserved 557056K
  class space    used 13617K, committed 14080K, reserved 425984K
}
Event: 91.466 GC heap before
{Heap before GC invocations=75 (full 0):
 garbage-first heap   total 183296K, used 157302K [0x0000000080000000, 0x0000000100000000)
  region size 1024K, 17 young (17408K), 2 survivors (2048K)
 Metaspace       used 97134K, committed 98112K, reserved 557056K
  class space    used 13645K, committed 14080K, reserved 425984K
}
Event: 91.471 GC heap after
{Heap after GC invocations=76 (full 0):
 garbage-first heap   total 183296K, used 144121K [0x0000000080000000, 0x0000000100000000)
  region size 1024K, 2 young (2048K), 2 survivors (2048K)
 Metaspace       used 97134K, committed 98112K, reserved 557056K
  class space    used 13645K, committed 14080K, reserved 425984K
}
Event: 91.749 GC heap before
{Heap before GC invocations=76 (full 0):
 garbage-first heap   total 183296K, used 158457K [0x0000000080000000, 0x0000000100000000)
  region size 1024K, 16 young (16384K), 2 survivors (2048K)
 Metaspace       used 97191K, committed 98176K, reserved 557056K
  class space    used 13646K, committed 14080K, reserved 425984K
}
Event: 91.755 GC heap after
{Heap after GC invocations=77 (full 0):
 garbage-first heap   total 183296K, used 145525K [0x0000000080000000, 0x0000000100000000)
  region size 1024K, 2 young (2048K), 2 survivors (2048K)
 Metaspace       used 97191K, committed 98176K, reserved 557056K
  class space    used 13646K, committed 14080K, reserved 425984K
}
Event: 92.019 GC heap before
{Heap before GC invocations=77 (full 0):
 garbage-first heap   total 183296K, used 158837K [0x0000000080000000, 0x0000000100000000)
  region size 1024K, 15 young (15360K), 2 survivors (2048K)
 Metaspace       used 97259K, committed 98304K, reserved 557056K
  class space    used 13647K, committed 14144K, reserved 425984K
}
Event: 92.023 GC heap after
{Heap after GC invocations=78 (full 0):
 garbage-first heap   total 220160K, used 146850K [0x0000000080000000, 0x0000000100000000)
  region size 1024K, 2 young (2048K), 2 survivors (2048K)
 Metaspace       used 97259K, committed 98304K, reserved 557056K
  class space    used 13647K, committed 14144K, reserved 425984K
}
Event: 92.545 GC heap before
{Heap before GC invocations=78 (full 0):
 garbage-first heap   total 220160K, used 183714K [0x0000000080000000, 0x0000000100000000)
  region size 1024K, 38 young (38912K), 2 survivors (2048K)
 Metaspace       used 97876K, committed 98944K, reserved 557056K
  class space    used 13713K, committed 14208K, reserved 425984K
}
Event: 92.556 GC heap after
{Heap after GC invocations=79 (full 0):
 garbage-first heap   total 220160K, used 151066K [0x0000000080000000, 0x0000000100000000)
  region size 1024K, 5 young (5120K), 5 survivors (5120K)
 Metaspace       used 97876K, committed 98944K, reserved 557056K
  class space    used 13713K, committed 14208K, reserved 425984K
}
Event: 97.630 GC heap before
{Heap before GC invocations=79 (full 0):
 garbage-first heap   total 220160K, used 183834K [0x0000000080000000, 0x0000000100000000)
  region size 1024K, 38 young (38912K), 5 survivors (5120K)
 Metaspace       used 98461K, committed 99520K, reserved 557056K
  class space    used 13781K, committed 14272K, reserved 425984K
}
Event: 97.638 GC heap after
{Heap after GC invocations=80 (full 0):
 garbage-first heap   total 220160K, used 153173K [0x0000000080000000, 0x0000000100000000)
  region size 1024K, 2 young (2048K), 2 survivors (2048K)
 Metaspace       used 98461K, committed 99520K, reserved 557056K
  class space    used 13781K, committed 14272K, reserved 425984K
}
Event: 99.027 GC heap before
{Heap before GC invocations=80 (full 0):
 garbage-first heap   total 220160K, used 185941K [0x0000000080000000, 0x0000000100000000)
  region size 1024K, 35 young (35840K), 2 survivors (2048K)
 Metaspace       used 98679K, committed 99712K, reserved 557056K
  class space    used 13782K, committed 14272K, reserved 425984K
}
Event: 99.031 GC heap after
{Heap after GC invocations=81 (full 0):
 garbage-first heap   total 220160K, used 154197K [0x0000000080000000, 0x0000000100000000)
  region size 1024K, 3 young (3072K), 3 survivors (3072K)
 Metaspace       used 98679K, committed 99712K, reserved 557056K
  class space    used 13782K, committed 14272K, reserved 425984K
}

Dll operation events (14 events):
Event: 0.150 Loaded shared library C:\Program Files\Microsoft\jdk-17.0.8.7-hotspot\bin\java.dll
Event: 0.199 Loaded shared library C:\Program Files\Microsoft\jdk-17.0.8.7-hotspot\bin\jsvml.dll
Event: 0.262 Loaded shared library C:\Program Files\Microsoft\jdk-17.0.8.7-hotspot\bin\zip.dll
Event: 0.328 Loaded shared library C:\Program Files\Microsoft\jdk-17.0.8.7-hotspot\bin\instrument.dll
Event: 0.352 Loaded shared library C:\Program Files\Microsoft\jdk-17.0.8.7-hotspot\bin\net.dll
Event: 0.353 Loaded shared library C:\Program Files\Microsoft\jdk-17.0.8.7-hotspot\bin\nio.dll
Event: 0.357 Loaded shared library C:\Program Files\Microsoft\jdk-17.0.8.7-hotspot\bin\zip.dll
Event: 0.622 Loaded shared library C:\Program Files\Microsoft\jdk-17.0.8.7-hotspot\bin\jimage.dll
Event: 0.718 Loaded shared library C:\Program Files\Microsoft\jdk-17.0.8.7-hotspot\bin\verify.dll
Event: 0.953 Loaded shared library C:\Users\Administrator\.gradle\native\68d5fa5c4cc2d200863cafc0d521ce42e7d3e7ee720ec0a83991735586a16f82\windows-amd64\native-platform.dll
Event: 1.061 Loaded shared library C:\Users\Administrator\.gradle\native\e376f236ea51e6404a007f0833ffe2c6e607c4080706a723a18a27aeea778392\windows-amd64\native-platform-file-events.dll
Event: 4.750 Loaded shared library C:\Program Files\Microsoft\jdk-17.0.8.7-hotspot\bin\management.dll
Event: 4.753 Loaded shared library C:\Program Files\Microsoft\jdk-17.0.8.7-hotspot\bin\management_ext.dll
Event: 5.439 Loaded shared library C:\Program Files\Microsoft\jdk-17.0.8.7-hotspot\bin\sunmscapi.dll

Deoptimization events (20 events):
Event: 99.408 Thread 0x00000205c7021ca0 Uncommon trap: trap_request=0xffffffc6 fr.pc=0x000002059674fcc0 relative=0x00000000000000a0
Event: 99.408 Thread 0x00000205c7021ca0 Uncommon trap: reason=bimorphic_or_optimized_type_check action=maybe_recompile pc=0x000002059674fcc0 method=org.gradle.execution.plan.ActionNode.hasPendingPreExecutionNodes()Z @ 11 c2
Event: 99.408 Thread 0x00000205c7021ca0 DEOPT PACKING pc=0x000002059674fcc0 sp=0x00000094440fedd0
Event: 99.408 Thread 0x00000205c7021ca0 DEOPT UNPACKING pc=0x0000020595a369a3 sp=0x00000094440fed60 mode 2
Event: 99.427 Thread 0x00000205c7021ca0 Uncommon trap: trap_request=0xffffffde fr.pc=0x00000205967b5e54 relative=0x00000000000000b4
Event: 99.427 Thread 0x00000205c7021ca0 Uncommon trap: reason=class_check action=maybe_recompile pc=0x00000205967b5e54 method=org.gradle.api.internal.artifacts.ivyservice.ResolvedFileCollectionVisitor.prepareForVisit(Lorg/gradle/api/internal/file/FileCollectionInternal$Source;)Lorg/gradle/api/i
Event: 99.427 Thread 0x00000205c7021ca0 DEOPT PACKING pc=0x00000205967b5e54 sp=0x00000094440fbbc0
Event: 99.427 Thread 0x00000205c7021ca0 DEOPT UNPACKING pc=0x0000020595a369a3 sp=0x00000094440fba78 mode 2
Event: 99.432 Thread 0x00000205c7021ca0 Uncommon trap: trap_request=0xffffffde fr.pc=0x00000205967b5e54 relative=0x00000000000000b4
Event: 99.432 Thread 0x00000205c7021ca0 Uncommon trap: reason=class_check action=maybe_recompile pc=0x00000205967b5e54 method=org.gradle.api.internal.artifacts.ivyservice.ResolvedFileCollectionVisitor.prepareForVisit(Lorg/gradle/api/internal/file/FileCollectionInternal$Source;)Lorg/gradle/api/i
Event: 99.432 Thread 0x00000205c7021ca0 DEOPT PACKING pc=0x00000205967b5e54 sp=0x00000094440fbbc0
Event: 99.432 Thread 0x00000205c7021ca0 DEOPT UNPACKING pc=0x0000020595a369a3 sp=0x00000094440fba78 mode 2
Event: 99.433 Thread 0x00000205c7021ca0 Uncommon trap: trap_request=0xffffffde fr.pc=0x00000205967b5e54 relative=0x00000000000000b4
Event: 99.433 Thread 0x00000205c7021ca0 Uncommon trap: reason=class_check action=maybe_recompile pc=0x00000205967b5e54 method=org.gradle.api.internal.artifacts.ivyservice.ResolvedFileCollectionVisitor.prepareForVisit(Lorg/gradle/api/internal/file/FileCollectionInternal$Source;)Lorg/gradle/api/i
Event: 99.433 Thread 0x00000205c7021ca0 DEOPT PACKING pc=0x00000205967b5e54 sp=0x00000094440fbbc0
Event: 99.433 Thread 0x00000205c7021ca0 DEOPT UNPACKING pc=0x0000020595a369a3 sp=0x00000094440fba78 mode 2
Event: 99.433 Thread 0x00000205c7021ca0 Uncommon trap: trap_request=0xffffffde fr.pc=0x00000205967b5e54 relative=0x00000000000000b4
Event: 99.433 Thread 0x00000205c7021ca0 Uncommon trap: reason=class_check action=maybe_recompile pc=0x00000205967b5e54 method=org.gradle.api.internal.artifacts.ivyservice.ResolvedFileCollectionVisitor.prepareForVisit(Lorg/gradle/api/internal/file/FileCollectionInternal$Source;)Lorg/gradle/api/i
Event: 99.433 Thread 0x00000205c7021ca0 DEOPT PACKING pc=0x00000205967b5e54 sp=0x00000094440fbbc0
Event: 99.433 Thread 0x00000205c7021ca0 DEOPT UNPACKING pc=0x0000020595a369a3 sp=0x00000094440fba78 mode 2

Classes unloaded (0 events):
No events

Classes redefined (0 events):
No events

Internal exceptions (20 events):
Event: 90.521 Thread 0x00000205c56e5ce0 Implicit null exception at 0x0000020596658f4e to 0x00000205966598c8
Event: 91.145 Thread 0x00000205c56e5ce0 Implicit null exception at 0x0000020596681e90 to 0x0000020596681f58
Event: 91.158 Thread 0x00000205c56e5ce0 Implicit null exception at 0x000002059669ae0a to 0x000002059669aeea
Event: 91.170 Thread 0x00000205c56e5ce0 Implicit null exception at 0x000002059669c743 to 0x000002059669c7f7
Event: 91.265 Thread 0x00000205c56e5ce0 Exception <a 'java/lang/IncompatibleClassChangeError'{0x000000008b0e3b70}: Found class java.lang.Object, but interface was expected> (0x000000008b0e3b70) 
thrown [s\src\hotspot\share\interpreter\linkResolver.cpp, line 826]
Event: 91.434 Thread 0x00000205c56e5ce0 Exception <a 'sun/nio/fs/WindowsException'{0x000000008a63f9f0}> (0x000000008a63f9f0) 
thrown [s\src\hotspot\share\prims\jni.cpp, line 516]
Event: 91.435 Thread 0x00000205c56e5ce0 Exception <a 'sun/nio/fs/WindowsException'{0x000000008a641060}> (0x000000008a641060) 
thrown [s\src\hotspot\share\prims\jni.cpp, line 516]
Event: 91.435 Thread 0x00000205c56e5ce0 Exception <a 'sun/nio/fs/WindowsException'{0x000000008a642720}> (0x000000008a642720) 
thrown [s\src\hotspot\share\prims\jni.cpp, line 516]
Event: 91.435 Thread 0x00000205c56e5ce0 Exception <a 'sun/nio/fs/WindowsException'{0x000000008a643de0}> (0x000000008a643de0) 
thrown [s\src\hotspot\share\prims\jni.cpp, line 516]
Event: 92.512 Thread 0x00000205c7021ca0 Exception <a 'java/lang/NoSuchMethodError'{0x000000008b41b0d8}: 'void java.lang.invoke.DirectMethodHandle$Holder.invokeStatic(java.lang.Object, java.lang.Object, java.lang.Object, java.lang.Object, int, java.lang.Object, java.lang.Object)'> (0x000000008b41b0d8) 
thrown [s\src\hotspot\share\interpreter\linkResolver.cpp, line 759]
Event: 92.589 Thread 0x00000205c7021ca0 Exception <a 'java/lang/NoSuchMethodError'{0x000000008d5fb288}: 'java.lang.Object java.lang.invoke.DirectMethodHandle$Holder.invokeSpecialIFC(java.lang.Object, java.lang.Object, java.lang.Object)'> (0x000000008d5fb288) 
thrown [s\src\hotspot\share\interpreter\linkResolver.cpp, line 759]
Event: 94.095 Thread 0x00000205c7021ca0 Exception <a 'java/lang/NoSuchMethodError'{0x000000008cee9cb8}: 'void java.lang.invoke.DirectMethodHandle$Holder.invokeVirtual(java.lang.Object, java.lang.Object)'> (0x000000008cee9cb8) 
thrown [s\src\hotspot\share\interpreter\linkResolver.cpp, line 759]
Event: 97.085 Thread 0x00000205c7021280 Implicit null exception at 0x000002059619d5d4 to 0x000002059619d634
Event: 99.081 Thread 0x00000205c7020860 Exception <a 'java/lang/ClassNotFoundException'{0x000000008d438898}: groovy/util/FileTreeBuilderBeanInfo> (0x000000008d438898) 
thrown [s\src\hotspot\share\classfile\systemDictionary.cpp, line 256]
Event: 99.082 Thread 0x00000205c7020860 Exception <a 'java/lang/ClassNotFoundException'{0x000000008d49b470}: groovy/util/FileTreeBuilderCustomizer> (0x000000008d49b470) 
thrown [s\src\hotspot\share\classfile\systemDictionary.cpp, line 256]
Event: 99.086 Thread 0x00000205c7020860 Exception <a 'java/lang/ClassNotFoundException'{0x000000008d4d46c8}: java/io/BufferedWriterBeanInfo> (0x000000008d4d46c8) 
thrown [s\src\hotspot\share\classfile\systemDictionary.cpp, line 256]
Event: 99.086 Thread 0x00000205c7020860 Exception <a 'java/lang/ClassNotFoundException'{0x000000008d4da7f8}: java/io/WriterBeanInfo> (0x000000008d4da7f8) 
thrown [s\src\hotspot\share\classfile\systemDictionary.cpp, line 256]
Event: 99.086 Thread 0x00000205c7020860 Exception <a 'java/lang/ClassNotFoundException'{0x000000008d4e08f0}: java/io/WriterCustomizer> (0x000000008d4e08f0) 
thrown [s\src\hotspot\share\classfile\systemDictionary.cpp, line 256]
Event: 99.087 Thread 0x00000205c7020860 Exception <a 'java/lang/ClassNotFoundException'{0x000000008d4ef8f8}: java/io/BufferedWriterCustomizer> (0x000000008d4ef8f8) 
thrown [s\src\hotspot\share\classfile\systemDictionary.cpp, line 256]
Event: 99.141 Thread 0x00000205c7021790 Exception <a 'java/lang/NoSuchMethodError'{0x000000008d395010}: static Lcom/android/build/api/variant/BuildConfigField;.<clinit>()V> (0x000000008d395010) 
thrown [s\src\hotspot\share\prims\jni.cpp, line 1107]

VM Operations (20 events):
Event: 94.071 Executing VM operation: Cleanup
Event: 94.071 Executing VM operation: Cleanup done
Event: 95.073 Executing VM operation: Cleanup
Event: 95.073 Executing VM operation: Cleanup done
Event: 96.078 Executing VM operation: Cleanup
Event: 96.078 Executing VM operation: Cleanup done
Event: 97.087 Executing VM operation: Cleanup
Event: 97.087 Executing VM operation: Cleanup done
Event: 97.629 Executing VM operation: G1CollectForAllocation
Event: 97.638 Executing VM operation: G1CollectForAllocation done
Event: 98.641 Executing VM operation: Cleanup
Event: 98.641 Executing VM operation: Cleanup done
Event: 99.026 Executing VM operation: G1CollectForAllocation
Event: 99.031 Executing VM operation: G1CollectForAllocation done
Event: 99.432 Executing VM operation: ICBufferFull
Event: 99.432 Executing VM operation: ICBufferFull done
Event: 100.442 Executing VM operation: Cleanup
Event: 100.442 Executing VM operation: Cleanup done
Event: 101.456 Executing VM operation: Cleanup
Event: 101.456 Executing VM operation: Cleanup done

Events (20 events):
Event: 98.234 Thread 0x00000205c5d2e040 Thread exited: 0x00000205c5d2e040
Event: 99.026 Thread 0x00000205c44b4b20 Thread added: 0x00000205c44b4b20
Event: 99.040 Thread 0x00000205c7e7cb60 Thread added: 0x00000205c7e7cb60
Event: 99.086 loading class java/io/BufferedWriterBeanInfo
Event: 99.086 loading class java/io/BufferedWriterBeanInfo done
Event: 99.086 loading class java/io/BufferedWriterBeanInfo
Event: 99.086 loading class java/io/BufferedWriterBeanInfo done
Event: 99.086 loading class java/io/WriterBeanInfo
Event: 99.086 loading class java/io/WriterBeanInfo done
Event: 99.086 loading class java/io/WriterBeanInfo
Event: 99.086 loading class java/io/WriterBeanInfo done
Event: 99.086 loading class java/io/WriterCustomizer
Event: 99.086 loading class java/io/WriterCustomizer done
Event: 99.086 loading class java/io/WriterCustomizer
Event: 99.086 loading class java/io/WriterCustomizer done
Event: 99.087 loading class java/io/BufferedWriterCustomizer
Event: 99.087 loading class java/io/BufferedWriterCustomizer done
Event: 99.087 loading class java/io/BufferedWriterCustomizer
Event: 99.087 loading class java/io/BufferedWriterCustomizer done
Event: 100.682 Thread 0x00000205c44b4b20 Thread exited: 0x00000205c44b4b20


Dynamic libraries:
0x00007ff73b0a0000 - 0x00007ff73b0ae000 	C:\Program Files\Microsoft\jdk-17.0.8.7-hotspot\bin\java.exe
0x00007ffa13430000 - 0x00007ffa13647000 	C:\Windows\SYSTEM32\ntdll.dll
0x00007ffa11ef0000 - 0x00007ffa11fb4000 	C:\Windows\System32\KERNEL32.DLL
0x00007ffa10a30000 - 0x00007ffa10dd6000 	C:\Windows\System32\KERNELBASE.dll
0x00007ffa10770000 - 0x00007ffa10881000 	C:\Windows\System32\ucrtbase.dll
0x00007ff9da2e0000 - 0x00007ff9da2fb000 	C:\Program Files\Microsoft\jdk-17.0.8.7-hotspot\bin\VCRUNTIME140.dll
0x00007ff9d8ab0000 - 0x00007ff9d8ac7000 	C:\Program Files\Microsoft\jdk-17.0.8.7-hotspot\bin\jli.dll
0x00007ffa11770000 - 0x00007ffa1191e000 	C:\Windows\System32\USER32.dll
0x00007ffa10f40000 - 0x00007ffa10f66000 	C:\Windows\System32\win32u.dll
0x00007ffa02a10000 - 0x00007ffa02ca3000 	C:\Windows\WinSxS\amd64_microsoft.windows.common-controls_6595b64144ccf1df_6.0.22621.2506_none_270c5ae97388e100\COMCTL32.dll
0x00007ffa11740000 - 0x00007ffa11769000 	C:\Windows\System32\GDI32.dll
0x00007ffa11c30000 - 0x00007ffa11cd7000 	C:\Windows\System32\msvcrt.dll
0x00007ffa10910000 - 0x00007ffa10a28000 	C:\Windows\System32\gdi32full.dll
0x00007ffa10f70000 - 0x00007ffa1100a000 	C:\Windows\System32\msvcp_win.dll
0x00007ffa11430000 - 0x00007ffa11461000 	C:\Windows\System32\IMM32.DLL
0x00007ffa02590000 - 0x00007ffa0259c000 	C:\Program Files\Microsoft\jdk-17.0.8.7-hotspot\bin\vcruntime140_1.dll
0x00007ff9d5080000 - 0x00007ff9d510d000 	C:\Program Files\Microsoft\jdk-17.0.8.7-hotspot\bin\msvcp140.dll
0x00007ff9a5090000 - 0x00007ff9a5cf5000 	C:\Program Files\Microsoft\jdk-17.0.8.7-hotspot\bin\server\jvm.dll
0x00007ffa11680000 - 0x00007ffa11733000 	C:\Windows\System32\ADVAPI32.dll
0x00007ffa12140000 - 0x00007ffa121e8000 	C:\Windows\System32\sechost.dll
0x00007ffa10e50000 - 0x00007ffa10e78000 	C:\Windows\System32\bcrypt.dll
0x00007ffa12020000 - 0x00007ffa12137000 	C:\Windows\System32\RPCRT4.dll
0x00007ffa0f5f0000 - 0x00007ffa0f63d000 	C:\Windows\SYSTEM32\POWRPROF.dll
0x00007ff9fb340000 - 0x00007ff9fb349000 	C:\Windows\SYSTEM32\WSOCK32.dll
0x00007ffa11490000 - 0x00007ffa11501000 	C:\Windows\System32\WS2_32.dll
0x00007ff9fe220000 - 0x00007ff9fe254000 	C:\Windows\SYSTEM32\WINMM.dll
0x00007ffa07990000 - 0x00007ffa0799a000 	C:\Windows\SYSTEM32\VERSION.dll
0x00007ffa0f5d0000 - 0x00007ffa0f5e3000 	C:\Windows\SYSTEM32\UMPDC.dll
0x00007ffa0f890000 - 0x00007ffa0f8a8000 	C:\Windows\SYSTEM32\kernel.appcore.dll
0x00007ff9fb220000 - 0x00007ff9fb22a000 	C:\Program Files\Microsoft\jdk-17.0.8.7-hotspot\bin\jimage.dll
0x00007ffa0c390000 - 0x00007ffa0c5c3000 	C:\Windows\SYSTEM32\DBGHELP.DLL
0x00007ffa121f0000 - 0x00007ffa12579000 	C:\Windows\System32\combase.dll
0x00007ffa11180000 - 0x00007ffa11257000 	C:\Windows\System32\OLEAUT32.dll
0x00007ffa09810000 - 0x00007ffa09842000 	C:\Windows\SYSTEM32\dbgcore.DLL
0x00007ffa10890000 - 0x00007ffa1090a000 	C:\Windows\System32\bcryptPrimitives.dll
0x00007ffa01650000 - 0x00007ffa0165e000 	C:\Program Files\Microsoft\jdk-17.0.8.7-hotspot\bin\instrument.dll
0x00007ff9d6000000 - 0x00007ff9d6025000 	C:\Program Files\Microsoft\jdk-17.0.8.7-hotspot\bin\java.dll
0x00007ff9d2fa0000 - 0x00007ff9d3077000 	C:\Program Files\Microsoft\jdk-17.0.8.7-hotspot\bin\jsvml.dll
0x00007ffa12580000 - 0x00007ffa12dda000 	C:\Windows\System32\SHELL32.dll
0x00007ffa0e6c0000 - 0x00007ffa0efb6000 	C:\Windows\SYSTEM32\windows.storage.dll
0x00007ffa0e580000 - 0x00007ffa0e6be000 	C:\Windows\SYSTEM32\wintypes.dll
0x00007ffa11df0000 - 0x00007ffa11ee3000 	C:\Windows\System32\SHCORE.dll
0x00007ffa13270000 - 0x00007ffa132ce000 	C:\Windows\System32\shlwapi.dll
0x00007ffa106a0000 - 0x00007ffa106c6000 	C:\Windows\SYSTEM32\profapi.dll
0x00007ff9d5b60000 - 0x00007ff9d5b78000 	C:\Program Files\Microsoft\jdk-17.0.8.7-hotspot\bin\zip.dll
0x00007ff9d75e0000 - 0x00007ff9d75f9000 	C:\Program Files\Microsoft\jdk-17.0.8.7-hotspot\bin\net.dll
0x00007ffa0d5e0000 - 0x00007ffa0d717000 	C:\Windows\SYSTEM32\WINHTTP.dll
0x00007ffa0fd10000 - 0x00007ffa0fd79000 	C:\Windows\system32\mswsock.dll
0x00007ff9d5fe0000 - 0x00007ff9d5ff6000 	C:\Program Files\Microsoft\jdk-17.0.8.7-hotspot\bin\nio.dll
0x00007ffa01690000 - 0x00007ffa016a0000 	C:\Program Files\Microsoft\jdk-17.0.8.7-hotspot\bin\verify.dll
0x00007ffa01660000 - 0x00007ffa01687000 	C:\Users\Administrator\.gradle\native\68d5fa5c4cc2d200863cafc0d521ce42e7d3e7ee720ec0a83991735586a16f82\windows-amd64\native-platform.dll
0x00007ff9d87a0000 - 0x00007ff9d88e4000 	C:\Users\Administrator\.gradle\native\e376f236ea51e6404a007f0833ffe2c6e607c4080706a723a18a27aeea778392\windows-amd64\native-platform-file-events.dll
0x00007ff9fadd0000 - 0x00007ff9fadd9000 	C:\Program Files\Microsoft\jdk-17.0.8.7-hotspot\bin\management.dll
0x00007ff9f8a50000 - 0x00007ff9f8a5b000 	C:\Program Files\Microsoft\jdk-17.0.8.7-hotspot\bin\management_ext.dll
0x00007ffa11510000 - 0x00007ffa11518000 	C:\Windows\System32\PSAPI.DLL
0x00007ffa0ff60000 - 0x00007ffa0ff7b000 	C:\Windows\SYSTEM32\CRYPTSP.dll
0x00007ffa0f7f0000 - 0x00007ffa0f825000 	C:\Windows\system32\rsaenh.dll
0x00007ffa0fe00000 - 0x00007ffa0fe2c000 	C:\Windows\SYSTEM32\USERENV.dll
0x00007ffa0ff80000 - 0x00007ffa0ff8c000 	C:\Windows\SYSTEM32\CRYPTBASE.dll
0x00007ffa0f2b0000 - 0x00007ffa0f2dd000 	C:\Windows\SYSTEM32\IPHLPAPI.DLL
0x00007ffa11260000 - 0x00007ffa11269000 	C:\Windows\System32\NSI.dll
0x00007ffa0d5c0000 - 0x00007ffa0d5d9000 	C:\Windows\SYSTEM32\dhcpcsvc6.DLL
0x00007ffa0d5a0000 - 0x00007ffa0d5bf000 	C:\Windows\SYSTEM32\dhcpcsvc.DLL
0x00007ffa0f2e0000 - 0x00007ffa0f3d9000 	C:\Windows\SYSTEM32\DNSAPI.dll
0x00007ff9f7fb0000 - 0x00007ff9f7fbe000 	C:\Program Files\Microsoft\jdk-17.0.8.7-hotspot\bin\sunmscapi.dll
0x00007ffa11010000 - 0x00007ffa11176000 	C:\Windows\System32\CRYPT32.dll
0x00007ffa10100000 - 0x00007ffa1012e000 	C:\Windows\SYSTEM32\ncrypt.dll
0x00007ffa100c0000 - 0x00007ffa100f7000 	C:\Windows\SYSTEM32\NTASN1.dll
0x00007ff9f76c0000 - 0x00007ff9f76c8000 	C:\Windows\system32\wshunix.dll
0x00007ff9f63d0000 - 0x00007ff9f63e7000 	C:\Windows\system32\napinsp.dll
0x00007ff9f5db0000 - 0x00007ff9f5dcb000 	C:\Windows\system32\pnrpnsp.dll
0x00007ff9f5790000 - 0x00007ff9f57a1000 	C:\Windows\System32\winrnr.dll
0x00007ff9ffe20000 - 0x00007ff9ffe35000 	C:\Windows\system32\wshbth.dll
0x00007ff9fb1f0000 - 0x00007ff9fb211000 	C:\Windows\system32\nlansp_c.dll
0x00007ffa0a5e0000 - 0x00007ffa0a5ea000 	C:\Windows\System32\rasadhlp.dll
0x00007ffa0d320000 - 0x00007ffa0d3a3000 	C:\Windows\System32\fwpuclnt.dll

dbghelp: loaded successfully - version: 4.0.5 - missing functions: none
symbol engine: initialized successfully - sym options: 0x614 - pdb path: .;C:\Program Files\Microsoft\jdk-17.0.8.7-hotspot\bin;C:\Windows\SYSTEM32;C:\Windows\WinSxS\amd64_microsoft.windows.common-controls_6595b64144ccf1df_6.0.22621.2506_none_270c5ae97388e100;C:\Program Files\Microsoft\jdk-17.0.8.7-hotspot\bin\server;C:\Users\Administrator\.gradle\native\68d5fa5c4cc2d200863cafc0d521ce42e7d3e7ee720ec0a83991735586a16f82\windows-amd64;C:\Users\Administrator\.gradle\native\e376f236ea51e6404a007f0833ffe2c6e607c4080706a723a18a27aeea778392\windows-amd64

VM Arguments:
jvm_args: -XX:MaxMetaspaceSize=512m --add-opens=java.base/java.util=ALL-UNNAMED --add-opens=java.base/java.lang=ALL-UNNAMED --add-opens=java.base/java.lang.invoke=ALL-UNNAMED --add-opens=java.prefs/java.util.prefs=ALL-UNNAMED --add-opens=java.base/java.nio.charset=ALL-UNNAMED --add-opens=java.base/java.net=ALL-UNNAMED --add-opens=java.base/java.util.concurrent.atomic=ALL-UNNAMED -Xmx2048m -Dfile.encoding=windows-1252 -Duser.country=US -Duser.language=en -Duser.variant -javaagent:C:\Users\Administrator\.gradle\wrapper\dists\gradle-8.3-all\6en3ugtfdg5xnpx44z4qbwgas\gradle-8.3\lib\agents\gradle-instrumentation-agent-8.3.jar 
java_command: org.gradle.launcher.daemon.bootstrap.GradleDaemon 8.3
java_class_path (initial): C:\Users\Administrator\.gradle\wrapper\dists\gradle-8.3-all\6en3ugtfdg5xnpx44z4qbwgas\gradle-8.3\lib\gradle-launcher-8.3.jar
Launcher Type: SUN_STANDARD

[Global flags]
     intx CICompilerCount                          = 3                                         {product} {ergonomic}
   size_t CompressedClassSpaceSize                 = 436207616                                 {product} {ergonomic}
     uint ConcGCThreads                            = 1                                         {product} {ergonomic}
     uint G1ConcRefinementThreads                  = 4                                         {product} {ergonomic}
   size_t G1HeapRegionSize                         = 1048576                                   {product} {ergonomic}
    uintx GCDrainStackTargetSize                   = 64                                        {product} {ergonomic}
   size_t InitialHeapSize                          = 134217728                                 {product} {ergonomic}
   size_t MarkStackSize                            = 4194304                                   {product} {ergonomic}
   size_t MaxHeapSize                              = 2147483648                                {product} {command line}
   size_t MaxMetaspaceSize                         = 536870912                                 {product} {command line}
   size_t MaxNewSize                               = 1287651328                                {product} {ergonomic}
   size_t MinHeapDeltaBytes                        = 1048576                                   {product} {ergonomic}
   size_t MinHeapSize                              = 8388608                                   {product} {ergonomic}
    uintx NonNMethodCodeHeapSize                   = 5832780                                {pd product} {ergonomic}
    uintx NonProfiledCodeHeapSize                  = 122912730                              {pd product} {ergonomic}
    uintx ProfiledCodeHeapSize                     = 122912730                              {pd product} {ergonomic}
    uintx ReservedCodeCacheSize                    = 251658240                              {pd product} {ergonomic}
     bool SegmentedCodeCache                       = true                                      {product} {ergonomic}
   size_t SoftMaxHeapSize                          = 2147483648                             {manageable} {ergonomic}
     bool UseCompressedClassPointers               = true                           {product lp64_product} {ergonomic}
     bool UseCompressedOops                        = true                           {product lp64_product} {ergonomic}
     bool UseG1GC                                  = true                                      {product} {ergonomic}
     bool UseLargePagesIndividualAllocation        = false                                  {pd product} {ergonomic}

Logging:
Log output configuration:
 #0: stdout all=warning uptime,level,tags
 #1: stderr all=off uptime,level,tags

Environment Variables:
JAVA_HOME=C:\Program Files\Microsoft\jdk-17.0.8.7-hotspot
CLASSPATH=C:\Users\Administrator\Desktop\rn\firebasetest1\android\\gradle\wrapper\gradle-wrapper.jar
PATH=C:\Users\Administrator\Desktop\rn\firebasetest1\node_modules\.bin;C:\Users\Administrator\Desktop\rn\firebasetest1\node_modules\.bin;C:\Users\Administrator\Desktop\rn\node_modules\.bin;C:\Users\Administrator\Desktop\node_modules\.bin;C:\Users\Administrator\node_modules\.bin;C:\Users\node_modules\.bin;C:\node_modules\.bin;C:\Program Files\nodejs\node_modules\npm\node_modules\@npmcli\run-script\lib\node-gyp-bin;C:\Users\Administrator\Desktop\rn\firebasetest1\node_modules\.bin;C:\Users\Administrator\Desktop\rn\node_modules\.bin;C:\Users\Administrator\Desktop\node_modules\.bin;C:\Users\Administrator\node_modules\.bin;C:\Users\node_modules\.bin;C:\node_modules\.bin;C:\Program Files\nodejs\node_modules\npm\node_modules\@npmcli\run-script\lib\node-gyp-bin;C:\Program Files\Microsoft\jdk-17.0.8.7-hotspot\bin;C:\Program Files\Microsoft\jdk-11.0.20.8-hotspot\bin;C:\Program Files\Common Files\Oracle\Java\javapath;C:\Program Files (x86)\Common Files\Oracle\Java\javapath;C:\Windows\system32;C:\Windows;C:\Windows\System32\Wbem;C:\Windows\System32\WindowsPowerShell\v1.0\;C:\Windows\System32\OpenSSH\;C:\Program Files\Microsoft SQL Server\150\Tools\Binn\;E:\Git\cmd;D:\Microsoft VS Code\bin;C:\ProgramData\chocolatey\bin;C:\Program Files\nodejs\;C:\Users\Administrator\AppData\Local\jdk-11.0.2\bin;C:\Users\Administrator\AppData\Local\Microsoft\WindowsApps;C:\Program Files (x86)\Microsoft Visual Studio\Shared\Python39_64\Scripts;C:\Program Files (x86)\Microsoft Visual Studio\Shared\Python39_64\Lib\site-packages\graphviz\backend\execute.py;C:\Program Files (x86)\Microsoft Visual Studio\Shared\Python39_64\Lib\site-packages\graphviz;C:\Program Files (x86)\Microsoft Visual Studio\Shared\Python39_64\Lib\Graphviz\bin;C:\Users\Administrator\AppData\Local\Android\Sdk\platform-tools;C:\Users\Administrator\AppData\Roaming\npm
USERNAME=Administrator
LANG=en_US.UTF-8
OS=Windows_NT
PROCESSOR_IDENTIFIER=Intel64 Family 6 Model 42 Stepping 7, GenuineIntel
TMP=C:\Users\ADMINI~1\AppData\Local\Temp
TEMP=C:\Users\ADMINI~1\AppData\Local\Temp



---------------  S Y S T E M  ---------------

OS:
 Windows 11 , 64 bit Build 22621 (10.0.22621.2506)
OS uptime: 2 days 5:39 hours

CPU: total 4 (initial active 4) (4 cores per cpu, 1 threads per core) family 6 model 42 stepping 7 microcode 0x2f, cx8, cmov, fxsr, mmx, sse, sse2, sse3, ssse3, sse4.1, sse4.2, popcnt, tsc, tscinvbit, avx, aes, clmul, vzeroupper, clflush
Processor Information for all 4 processors :
  Max Mhz: 3101, Current Mhz: 3101, Mhz Limit: 3101

Memory: 4k page, system-wide physical 8132M (2862M free)
TotalPageFile size 16532M (AvailPageFile size 6873M)
current process WorkingSet (physical memory assigned to process): 475M, peak: 509M
current process commit charge ("private bytes"): 524M, peak: 552M

vm_info: OpenJDK 64-Bit Server VM (17.0.8+7-LTS) for windows-amd64 JRE (17.0.8+7-LTS), built on Jul  7 2023 17:21:55 by "MicrosoftCorporation" with MS VC++ 16.10 / 16.11 (VS2019)

END.
